RUN	mock.CatsSimulation	catssimulation	1690425276231	 	3.7.4
USER	delete	START	1690425276330
USER	create	START	1690425276321
USER	custom	START	1690425276379
REQUEST		myRpc-50	1690425276572	1690425276623	OK	 
REQUEST		myRpc-75	1690425276691	1690425276766	KO	mock/custom-rpc.feature:15 match response == { success: false }
USER	custom	START	1690425276805
USER	create	START	1690425276882
REQUEST		myRpc-100	1690425276829	1690425276929	OK	 
USER	custom	END	1690425276958
REQUEST		myRpc-50	1690425276943	1690425276993	OK	 
REQUEST		myRpc-75	1690425277017	1690425277092	KO	mock/custom-rpc.feature:15 match response == { success: false }
REQUEST	delete cats	GET /cats	1690425276684	1690425277131	OK	 
GROUP	delete cats	1690425276331	1690425277182	0	OK
USER	delete	END	1690425277205
REQUEST		myRpc-100	1690425277147	1690425277247	OK	 
REQUEST		POST /cats	1690425276679	1690425277173	OK	 
REQUEST		GET /cats/{id}	1690425277180	1690425277242	KO	mock/cats-create.feature:19 match response == { id: '#(id)', name: 'Billi' }
USER	create	END	1690425277263
USER	custom	END	1690425277263
REQUEST		POST /cats	1690425276954	1690425277197	OK	 
REQUEST		GET /cats/{id}	1690425277215	1690425277295	KO	mock/cats-create.feature:19 match response == { id: '#(id)', name: 'Billi' }
USER	create	END	1690425277302
USER	delete	START	1690425277305
USER	custom	START	1690425277305
USER	create	START	1690425277317
REQUEST		myRpc-50	1690425277407	1690425277471	OK	 
REQUEST		POST /cats	1690425277402	1690425277484	OK	 
REQUEST		GET /cats/{id}	1690425277490	1690425277535	KO	mock/cats-create.feature:19 match response == { id: '#(id)', name: 'Billi' }
USER	create	END	1690425277540
REQUEST		myRpc-75	1690425277498	1690425277573	KO	mock/custom-rpc.feature:15 match response == { success: false }
REQUEST		myRpc-100	1690425277582	1690425277683	OK	 
USER	custom	END	1690425277684
USER	custom	START	1690425277807
USER	create	START	1690425277815
REQUEST		myRpc-50	1690425277836	1690425277887	OK	 
REQUEST		POST /cats	1690425277870	1690425277884	OK	 
REQUEST		GET /cats/{id}	1690425277891	1690425277907	KO	mock/cats-create.feature:19 match response == { id: '#(id)', name: 'Billi' }
USER	create	END	1690425277910
REQUEST		myRpc-75	1690425277899	1690425277974	KO	mock/custom-rpc.feature:15 match response == { success: false }
REQUEST		myRpc-100	1690425277983	1690425278083	OK	 
USER	custom	END	1690425278083
USER	delete	START	1690425278306
USER	custom	START	1690425278307
USER	create	START	1690425278317
REQUEST		myRpc-50	1690425278347	1690425278397	OK	 
REQUEST	delete cats	DELETE /cats/{id}	1690425277480	1690425278380	OK	 
REQUEST	delete cats	cats-get-404	1690425278384	1690425278414	OK	 
REQUEST		POST /cats	1690425278374	1690425278395	OK	 
REQUEST		GET /cats/{id}	1690425278402	1690425278426	KO	mock/cats-create.feature:19 match response == { id: '#(id)', name: 'Billi' }
USER	create	END	1690425278429
REQUEST		myRpc-75	1690425278404	1690425278479	KO	mock/custom-rpc.feature:15 match response == { success: false }
REQUEST		myRpc-100	1690425278486	1690425278586	OK	 
USER	custom	END	1690425278587
USER	create	START	1690425278804
USER	custom	START	1690425278804
REQUEST		POST /cats	1690425278881	1690425278895	OK	 
REQUEST		GET /cats/{id}	1690425278901	1690425278911	KO	mock/cats-create.feature:19 match response == { id: '#(id)', name: 'Billi' }
USER	create	END	1690425278915
REQUEST		myRpc-50	1690425278863	1690425278914	OK	 
REQUEST		myRpc-75	1690425278921	1690425278997	KO	mock/custom-rpc.feature:15 match response == { success: false }
REQUEST		myRpc-100	1690425279003	1690425279103	OK	 
USER	custom	END	1690425279104
USER	custom	START	1690425279304
USER	create	START	1690425279305
USER	delete	START	1690425279305
REQUEST	delete cats	DELETE /cats/{id}	1690425278404	1690425279292	OK	 
REQUEST	delete cats	cats-get-404	1690425279300	1690425279328	OK	 
REQUEST	delete cats	DELETE /cats/{id}	1690425278420	1690425279291	OK	 
REQUEST	delete cats	cats-get-404	1690425279297	1690425279336	OK	 
REQUEST	delete cats	GET /cats	1690425277359	1690425277432	OK	 
GROUP	delete cats	1690425277305	1690425279338	0	OK
USER	delete	END	1690425279338
REQUEST		POST /cats	1690425279387	1690425279401	OK	 
REQUEST		myRpc-50	1690425279365	1690425279440	OK	 
REQUEST		GET /cats/{id}	1690425279406	1690425279439	KO	mock/cats-create.feature:19 match response == { id: '#(id)', name: 'Billi' }
USER	create	END	1690425279441
REQUEST		myRpc-75	1690425279446	1690425279521	KO	mock/custom-rpc.feature:15 match response == { success: false }
REQUEST		myRpc-100	1690425279528	1690425279628	OK	 
USER	custom	END	1690425279629
USER	create	START	1690425279804
USER	custom	START	1690425279804
REQUEST		myRpc-50	1690425279856	1690425279906	OK	 
REQUEST		POST /cats	1690425279863	1690425279889	OK	 
REQUEST		GET /cats/{id}	1690425279904	1690425279922	KO	mock/cats-create.feature:19 match response == { id: '#(id)', name: 'Billi' }
USER	create	END	1690425279929
REQUEST		myRpc-75	1690425279917	1690425279992	KO	mock/custom-rpc.feature:15 match response == { success: false }
REQUEST		myRpc-100	1690425279998	1690425280098	OK	 
USER	custom	END	1690425280100
REQUEST	delete cats	DELETE /cats/{id}	1690425279334	1690425280201	OK	 
REQUEST	delete cats	cats-get-404	1690425280207	1690425280223	OK	 
REQUEST	delete cats	DELETE /cats/{id}	1690425279399	1690425280256	OK	 
REQUEST	delete cats	cats-get-404	1690425280265	1690425280287	OK	 
USER	custom	START	1690425280304
USER	create	START	1690425280304
USER	delete	START	1690425280305
REQUEST		myRpc-50	1690425280334	1690425280384	OK	 
REQUEST		POST /cats	1690425280378	1690425280395	OK	 
REQUEST		GET /cats/{id}	1690425280399	1690425280407	KO	mock/cats-create.feature:19 match response == { id: '#(id)', name: 'Billi' }
USER	create	END	1690425280410
REQUEST		myRpc-75	1690425280390	1690425280465	KO	mock/custom-rpc.feature:15 match response == { success: false }
REQUEST		myRpc-100	1690425280472	1690425280573	OK	 
USER	custom	END	1690425280574
USER	create	START	1690425280804
USER	custom	START	1690425280805
REQUEST		myRpc-50	1690425280871	1690425280921	OK	 
REQUEST		POST /cats	1690425280887	1690425280910	OK	 
REQUEST		GET /cats/{id}	1690425280919	1690425280943	KO	mock/cats-create.feature:19 match response == { id: '#(id)', name: 'Billi' }
USER	create	END	1690425280950
REQUEST		myRpc-75	1690425280932	1690425281007	KO	mock/custom-rpc.feature:15 match response == { success: false }
REQUEST	delete cats	DELETE /cats/{id}	1690425280232	1690425281096	OK	 
REQUEST	delete cats	cats-get-404	1690425281098	1690425281106	OK	 
REQUEST	delete cats	GET /cats	1690425278360	1690425278370	OK	 
GROUP	delete cats	1690425278306	1690425281108	0	OK
USER	delete	END	1690425281108
REQUEST		myRpc-100	1690425281014	1690425281114	OK	 
USER	custom	END	1690425281114
REQUEST	delete cats	DELETE /cats/{id}	1690425280306	1690425281198	OK	 
REQUEST	delete cats	cats-get-404	1690425281200	1690425281214	OK	 
REQUEST	delete cats	DELETE /cats/{id}	1690425280391	1690425281252	OK	 
REQUEST	delete cats	cats-get-404	1690425281260	1690425281276	OK	 
REQUEST	delete cats	DELETE /cats/{id}	1690425281220	1690425282084	OK	 
REQUEST	delete cats	cats-get-404	1690425282091	1690425282106	OK	 
REQUEST	delete cats	GET /cats	1690425279380	1690425279388	OK	 
GROUP	delete cats	1690425279305	1690425282108	0	OK
USER	delete	END	1690425282108
REQUEST	delete cats	DELETE /cats/{id}	1690425281288	1690425282152	OK	 
REQUEST	delete cats	cats-get-404	1690425282155	1690425282164	OK	 
REQUEST	delete cats	DELETE /cats/{id}	1690425282168	1690425283026	OK	 
REQUEST	delete cats	cats-get-404	1690425283030	1690425283039	OK	 
REQUEST	delete cats	GET /cats	1690425280371	1690425280380	OK	 
GROUP	delete cats	1690425280305	1690425283041	0	OK
USER	delete	END	1690425283041
