ASSERTION	AAMAAQ1jcmVhdGVBbmRSZWFkAgADBQAAAAAAAAAAAA==
RUN	mock.CatsChainedSimulation	catschainedsimulation	1690431061685	 	3.7.4
USER	createAndRead	START	1690431061825
USER	createAndRead	START	1690431062326
REQUEST	createAndRead	POST /cats	1690431062465	1690431062683	OK	 
REQUEST	createAndRead	POST /cats	1690431062182	1690431062660	OK	 
USER	createAndRead	START	1690431062813
REQUEST	createAndRead	GET /cats/{id}	1690431062747	1690431062871	OK	 
GROUP	createAndRead	1690431062326	1690431062887	0	OK
REQUEST	createAndRead	GET /cats/{id}	1690431062827	1690431062900	OK	 
GROUP	createAndRead	1690431061827	1690431062905	0	OK
USER	createAndRead	END	1690431062904
USER	createAndRead	END	1690431062905
REQUEST	createAndRead	POST /cats	1690431062867	1690431062940	OK	 
REQUEST	createAndRead	GET /cats/{id}	1690431062994	1690431063031	OK	 
GROUP	createAndRead	1690431062813	1690431063036	0	OK
USER	createAndRead	END	1690431063037
USER	createAndRead	START	1690431063314
REQUEST	createAndRead	POST /cats	1690431063406	1690431063461	OK	 
REQUEST	createAndRead	GET /cats/{id}	1690431063491	1690431063520	OK	 
GROUP	createAndRead	1690431063314	1690431063531	0	OK
USER	createAndRead	END	1690431063531
USER	createAndRead	START	1690431063814
REQUEST	createAndRead	POST /cats	1690431063863	1690431063899	OK	 
REQUEST	createAndRead	GET /cats/{id}	1690431063965	1690431063981	OK	 
GROUP	createAndRead	1690431063814	1690431063985	0	OK
USER	createAndRead	END	1690431063992
USER	createAndRead	START	1690431064301
REQUEST	createAndRead	POST /cats	1690431064362	1690431064420	OK	 
REQUEST	createAndRead	GET /cats/{id}	1690431064459	1690431064473	OK	 
GROUP	createAndRead	1690431064301	1690431064478	0	OK
USER	createAndRead	END	1690431064482
USER	createAndRead	START	1690431064802
REQUEST	createAndRead	POST /cats	1690431064868	1690431064899	OK	 
REQUEST	createAndRead	GET /cats/{id}	1690431064992	1690431065001	OK	 
GROUP	createAndRead	1690431064802	1690431065008	0	OK
USER	createAndRead	END	1690431065008
USER	createAndRead	START	1690431065300
REQUEST	createAndRead	POST /cats	1690431065324	1690431065370	OK	 
REQUEST	createAndRead	GET /cats/{id}	1690431065436	1690431065453	OK	 
GROUP	createAndRead	1690431065300	1690431065457	0	OK
USER	createAndRead	END	1690431065458
USER	createAndRead	START	1690431065802
REQUEST	createAndRead	POST /cats	1690431065850	1690431065878	OK	 
REQUEST	createAndRead	GET /cats/{id}	1690431065940	1690431065954	OK	 
GROUP	createAndRead	1690431065802	1690431065959	0	OK
USER	createAndRead	END	1690431065959
USER	createAndRead	START	1690431066300
REQUEST	createAndRead	POST /cats	1690431066322	1690431066348	OK	 
REQUEST	createAndRead	GET /cats/{id}	1690431066416	1690431066429	OK	 
GROUP	createAndRead	1690431066300	1690431066433	0	OK
USER	createAndRead	END	1690431066433
