ASSERTION	AAMAAQ1jcmVhdGVBbmRSZWFkAgADBQAAAAAAAAAAAA==
RUN	mock.CatsChainedSimulation	catschainedsimulation	1690430866495	 	3.7.4
USER	createAndRead	START	1690430866645
USER	createAndRead	START	1690430867135
REQUEST	createAndRead	POST /cats	1690430866966	1690430867433	OK	 
REQUEST	createAndRead	POST /cats	1690430867198	1690430867406	OK	 
REQUEST	createAndRead	GET /cats/{id}	1690430867479	1690430867577	OK	 
GROUP	createAndRead	1690430867135	1690430867595	0	OK
USER	createAndRead	END	1690430867607
REQUEST	createAndRead	GET /cats/{id}	1690430867580	1690430867630	OK	 
GROUP	createAndRead	1690430866647	1690430867635	0	OK
USER	createAndRead	END	1690430867635
USER	createAndRead	START	1690430867637
REQUEST	createAndRead	POST /cats	1690430867681	1690430867725	OK	 
REQUEST	createAndRead	GET /cats/{id}	1690430867766	1690430867811	OK	 
GROUP	createAndRead	1690430867637	1690430867818	0	OK
USER	createAndRead	END	1690430867821
USER	createAndRead	START	1690430868140
REQUEST	createAndRead	POST /cats	1690430868212	1690430868293	OK	 
REQUEST	createAndRead	GET /cats/{id}	1690430868321	1690430868357	OK	 
GROUP	createAndRead	1690430868140	1690430868370	0	OK
USER	createAndRead	END	1690430868373
USER	createAndRead	START	1690430868641
REQUEST	createAndRead	POST /cats	1690430868700	1690430868735	OK	 
REQUEST	createAndRead	GET /cats/{id}	1690430868819	1690430868835	OK	 
GROUP	createAndRead	1690430868642	1690430868842	0	OK
USER	createAndRead	END	1690430868842
USER	createAndRead	START	1690430869125
REQUEST	createAndRead	POST /cats	1690430869178	1690430869212	OK	 
REQUEST	createAndRead	GET /cats/{id}	1690430869276	1690430869286	OK	 
GROUP	createAndRead	1690430869125	1690430869289	0	OK
USER	createAndRead	END	1690430869289
USER	createAndRead	START	1690430869627
REQUEST	createAndRead	POST /cats	1690430869680	1690430869724	OK	 
REQUEST	createAndRead	GET /cats/{id}	1690430869781	1690430869793	OK	 
GROUP	createAndRead	1690430869627	1690430869797	0	OK
USER	createAndRead	END	1690430869797
USER	createAndRead	START	1690430870125
REQUEST	createAndRead	POST /cats	1690430870211	1690430870254	OK	 
REQUEST	createAndRead	GET /cats/{id}	1690430870290	1690430870299	OK	 
GROUP	createAndRead	1690430870126	1690430870304	0	OK
USER	createAndRead	END	1690430870304
USER	createAndRead	START	1690430870627
REQUEST	createAndRead	POST /cats	1690430870679	1690430870714	OK	 
REQUEST	createAndRead	GET /cats/{id}	1690430870786	1690430870797	OK	 
GROUP	createAndRead	1690430870627	1690430870801	0	OK
USER	createAndRead	END	1690430870801
USER	createAndRead	START	1690430871125
REQUEST	createAndRead	POST /cats	1690430871178	1690430871208	OK	 
REQUEST	createAndRead	GET /cats/{id}	1690430871272	1690430871283	OK	 
GROUP	createAndRead	1690430871125	1690430871286	0	OK
USER	createAndRead	END	1690430871286
