RUN	mock.CatsSimulation	catssimulation	1690425501058	 	3.7.4
USER	create	START	1690425501153
USER	delete	START	1690425501165
USER	custom	START	1690425501230
USER	create	START	1690425501242
USER	create	START	1690425501342
USER	create	START	1690425501443
USER	create	START	1690425501545
USER	custom	START	1690425501636
REQUEST		myRpc-50	1690425501563	1690425501614	OK	 
USER	create	START	1690425501647
USER	create	START	1690425501748
REQUEST		myRpc-50	1690425501701	1690425501752	OK	 
REQUEST		myRpc-75	1690425501702	1690425501778	KO	mock/custom-rpc.feature:15 match response == { success: false }
REQUEST		myRpc-75	1690425501796	1690425501871	KO	mock/custom-rpc.feature:15 match response == { success: false }
USER	create	START	1690425501850
REQUEST		myRpc-100	1690425501843	1690425501943	OK	 
USER	create	START	1690425501952
USER	custom	END	1690425501965
REQUEST		myRpc-100	1690425501892	1690425501992	OK	 
USER	custom	END	1690425501996
USER	create	START	1690425502051
USER	custom	START	1690425502136
USER	delete	START	1690425502136
USER	create	START	1690425502155
REQUEST		myRpc-50	1690425502185	1690425502253	OK	 
USER	create	START	1690425502255
REQUEST	delete cats	GET /cats	1690425501741	1690425502284	OK	 
GROUP	delete cats	1690425501165	1690425502322	0	OK
USER	delete	END	1690425502351
REQUEST		myRpc-75	1690425502276	1690425502351	KO	mock/custom-rpc.feature:15 match response == { success: false }
USER	create	START	1690425502353
USER	create	START	1690425502452
REQUEST		myRpc-100	1690425502382	1690425502482	OK	 
USER	custom	END	1690425502484
REQUEST		POST /cats	1690425501911	1690425502343	OK	 
REQUEST		GET /cats/{id}	1690425502349	1690425502539	KO	mock/cats-create.feature:19 match response == { id: '#(id)', name: 'Billi' }
USER	create	END	1690425502547
USER	create	START	1690425502552
REQUEST		POST /cats	1690425501744	1690425502378	OK	 
REQUEST		GET /cats/{id}	1690425502384	1690425502600	KO	mock/cats-create.feature:19 match response == { id: '#(id)', name: 'Billi' }
USER	create	END	1690425502603
REQUEST		POST /cats	1690425501745	1690425502406	OK	 
REQUEST		GET /cats/{id}	1690425502412	1690425502632	KO	mock/cats-create.feature:19 match response == { id: '#(id)', name: 'Billi' }
USER	create	END	1690425502636
USER	custom	START	1690425502636
REQUEST		POST /cats	1690425501767	1690425502489	OK	 
REQUEST		GET /cats/{id}	1690425502497	1690425502647	KO	mock/cats-create.feature:19 match response == { id: '#(id)', name: 'Billi' }
USER	create	END	1690425502650
USER	create	START	1690425502652
REQUEST		POST /cats	1690425501746	1690425502433	OK	 
REQUEST		GET /cats/{id}	1690425502440	1690425502674	KO	mock/cats-create.feature:19 match response == { id: '#(id)', name: 'Billi' }
USER	create	END	1690425502677
REQUEST		POST /cats	1690425501746	1690425502501	OK	 
REQUEST		GET /cats/{id}	1690425502507	1690425502679	KO	mock/cats-create.feature:19 match response == { id: '#(id)', name: 'Billi' }
USER	create	END	1690425502683
REQUEST		POST /cats	1690425501931	1690425502581	OK	 
REQUEST		GET /cats/{id}	1690425502587	1690425502723	KO	mock/cats-create.feature:19 match response == { id: '#(id)', name: 'Billi' }
USER	create	END	1690425502727
REQUEST		POST /cats	1690425502370	1690425502620	OK	 
REQUEST		GET /cats/{id}	1690425502626	1690425502733	KO	mock/cats-create.feature:19 match response == { id: '#(id)', name: 'Billi' }
USER	create	END	1690425502737
USER	create	START	1690425502774
REQUEST		myRpc-50	1690425502702	1690425502777	OK	 
REQUEST		POST /cats	1690425502029	1690425502579	OK	 
REQUEST		GET /cats/{id}	1690425502584	1690425502785	KO	mock/cats-create.feature:19 match response == { id: '#(id)', name: 'Billi' }
USER	create	END	1690425502788
REQUEST		POST /cats	1690425501746	1690425502526	OK	 
REQUEST		POST /cats	1690425502135	1690425502548	OK	 
REQUEST		GET /cats/{id}	1690425502555	1690425502814	KO	mock/cats-create.feature:19 match response == { id: '#(id)', name: 'Billi' }
REQUEST		GET /cats/{id}	1690425502532	1690425502811	KO	mock/cats-create.feature:19 match response == { id: '#(id)', name: 'Billi' }
USER	create	END	1690425502820
USER	create	END	1690425502821
REQUEST		POST /cats	1690425502624	1690425502734	OK	 
REQUEST		GET /cats/{id}	1690425502782	1690425502824	KO	mock/cats-create.feature:19 match response == { id: '#(id)', name: 'Billi' }
USER	create	END	1690425502828
USER	create	START	1690425502853
REQUEST		POST /cats	1690425502512	1690425502832	OK	 
REQUEST		POST /cats	1690425502456	1690425502697	OK	 
REQUEST		myRpc-75	1690425502796	1690425502871	KO	mock/custom-rpc.feature:15 match response == { success: false }
REQUEST		GET /cats/{id}	1690425502707	1690425502873	KO	mock/cats-create.feature:19 match response == { id: '#(id)', name: 'Billi' }
USER	create	END	1690425502876
REQUEST		GET /cats/{id}	1690425502838	1690425502871	KO	mock/cats-create.feature:19 match response == { id: '#(id)', name: 'Billi' }
USER	create	END	1690425502879
REQUEST		POST /cats	1690425502367	1690425502712	OK	 
REQUEST		GET /cats/{id}	1690425502717	1690425502891	KO	mock/cats-create.feature:19 match response == { id: '#(id)', name: 'Billi' }
USER	create	END	1690425502894
REQUEST		POST /cats	1690425502732	1690425502891	OK	 
REQUEST		GET /cats/{id}	1690425502897	1690425502916	KO	mock/cats-create.feature:19 match response == { id: '#(id)', name: 'Billi' }
USER	create	END	1690425502919
REQUEST		POST /cats	1690425502852	1690425502900	OK	 
REQUEST		GET /cats/{id}	1690425502905	1690425502923	KO	mock/cats-create.feature:19 match response == { id: '#(id)', name: 'Billi' }
USER	create	END	1690425502927
USER	create	START	1690425502952
REQUEST		POST /cats	1690425502934	1690425502948	OK	 
REQUEST		GET /cats/{id}	1690425502957	1690425502973	KO	mock/cats-create.feature:19 match response == { id: '#(id)', name: 'Billi' }
USER	create	END	1690425502976
REQUEST		myRpc-100	1690425502885	1690425502985	OK	 
USER	custom	END	1690425502986
REQUEST		POST /cats	1690425503010	1690425503022	OK	 
REQUEST		GET /cats/{id}	1690425503027	1690425503037	KO	mock/cats-create.feature:19 match response == { id: '#(id)', name: 'Billi' }
USER	create	END	1690425503042
USER	create	START	1690425503052
REQUEST		POST /cats	1690425503109	1690425503119	OK	 
USER	delete	START	1690425503137
USER	custom	START	1690425503139
REQUEST		GET /cats/{id}	1690425503124	1690425503137	KO	mock/cats-create.feature:19 match response == { id: '#(id)', name: 'Billi' }
USER	create	END	1690425503151
USER	create	START	1690425503152
REQUEST		myRpc-50	1690425503163	1690425503214	OK	 
USER	create	START	1690425503235
REQUEST		POST /cats	1690425503213	1690425503226	OK	 
REQUEST		GET /cats/{id}	1690425503231	1690425503251	KO	mock/cats-create.feature:19 match response == { id: '#(id)', name: 'Billi' }
USER	create	END	1690425503255
REQUEST		myRpc-75	1690425503223	1690425503298	KO	mock/custom-rpc.feature:15 match response == { success: false }
REQUEST		POST /cats	1690425503275	1690425503286	OK	 
REQUEST		GET /cats/{id}	1690425503289	1690425503299	KO	mock/cats-create.feature:19 match response == { id: '#(id)', name: 'Billi' }
USER	create	END	1690425503303
USER	create	START	1690425503335
REQUEST		myRpc-100	1690425503307	1690425503408	OK	 
USER	custom	END	1690425503409
REQUEST		POST /cats	1690425503397	1690425503410	OK	 
REQUEST		GET /cats/{id}	1690425503413	1690425503424	KO	mock/cats-create.feature:19 match response == { id: '#(id)', name: 'Billi' }
USER	create	END	1690425503429
USER	create	START	1690425503435
REQUEST		POST /cats	1690425503490	1690425503501	OK	 
REQUEST		GET /cats/{id}	1690425503506	1690425503516	KO	mock/cats-create.feature:19 match response == { id: '#(id)', name: 'Billi' }
USER	create	END	1690425503522
USER	create	START	1690425503535
USER	custom	START	1690425503635
USER	create	START	1690425503635
REQUEST		POST /cats	1690425503616	1690425503626	OK	 
REQUEST		GET /cats/{id}	1690425503631	1690425503644	KO	mock/cats-create.feature:19 match response == { id: '#(id)', name: 'Billi' }
USER	create	END	1690425503647
REQUEST	delete cats	DELETE /cats/{id}	1690425502594	1690425503709	OK	 
REQUEST		myRpc-50	1690425503673	1690425503723	OK	 
REQUEST	delete cats	cats-get-404	1690425503713	1690425503724	OK	 
USER	create	START	1690425503736
REQUEST		POST /cats	1690425503697	1690425503712	OK	 
REQUEST		GET /cats/{id}	1690425503717	1690425503740	KO	mock/cats-create.feature:19 match response == { id: '#(id)', name: 'Billi' }
USER	create	END	1690425503751
REQUEST		POST /cats	1690425503772	1690425503781	OK	 
REQUEST		GET /cats/{id}	1690425503784	1690425503793	KO	mock/cats-create.feature:19 match response == { id: '#(id)', name: 'Billi' }
USER	create	END	1690425503796
REQUEST		myRpc-75	1690425503731	1690425503807	KO	mock/custom-rpc.feature:15 match response == { success: false }
USER	create	START	1690425503836
REQUEST		POST /cats	1690425503871	1690425503878	OK	 
REQUEST		GET /cats/{id}	1690425503881	1690425503887	KO	mock/cats-create.feature:19 match response == { id: '#(id)', name: 'Billi' }
USER	create	END	1690425503890
REQUEST		myRpc-100	1690425503815	1690425503915	OK	 
USER	custom	END	1690425503916
USER	create	START	1690425503936
REQUEST		POST /cats	1690425503984	1690425503991	OK	 
REQUEST		GET /cats/{id}	1690425503995	1690425504001	KO	mock/cats-create.feature:19 match response == { id: '#(id)', name: 'Billi' }
USER	create	END	1690425504003
USER	create	START	1690425504036
REQUEST	delete cats	DELETE /cats/{id}	1690425503209	1690425504069	OK	 
REQUEST	delete cats	cats-get-404	1690425504074	1690425504083	OK	 
REQUEST		POST /cats	1690425504087	1690425504096	OK	 
REQUEST		GET /cats/{id}	1690425504100	1690425504108	KO	mock/cats-create.feature:19 match response == { id: '#(id)', name: 'Billi' }
USER	create	END	1690425504111
USER	custom	START	1690425504135
USER	delete	START	1690425504136
USER	create	START	1690425504136
REQUEST		myRpc-50	1690425504163	1690425504220	OK	 
REQUEST		POST /cats	1690425504206	1690425504214	OK	 
USER	create	START	1690425504235
REQUEST		GET /cats/{id}	1690425504220	1690425504233	KO	mock/cats-create.feature:19 match response == { id: '#(id)', name: 'Billi' }
USER	create	END	1690425504247
REQUEST		myRpc-75	1690425504227	1690425504302	KO	mock/custom-rpc.feature:15 match response == { success: false }
REQUEST		POST /cats	1690425504285	1690425504295	OK	 
REQUEST		GET /cats/{id}	1690425504300	1690425504310	KO	mock/cats-create.feature:19 match response == { id: '#(id)', name: 'Billi' }
USER	create	END	1690425504314
USER	create	START	1690425504335
REQUEST		POST /cats	1690425504382	1690425504391	OK	 
REQUEST		GET /cats/{id}	1690425504396	1690425504404	KO	mock/cats-create.feature:19 match response == { id: '#(id)', name: 'Billi' }
USER	create	END	1690425504407
REQUEST		myRpc-100	1690425504308	1690425504409	OK	 
USER	custom	END	1690425504409
USER	create	START	1690425504435
REQUEST		POST /cats	1690425504469	1690425504477	OK	 
REQUEST		GET /cats/{id}	1690425504480	1690425504487	KO	mock/cats-create.feature:19 match response == { id: '#(id)', name: 'Billi' }
USER	create	END	1690425504491
USER	create	START	1690425504535
REQUEST		POST /cats	1690425504569	1690425504578	OK	 
REQUEST		GET /cats/{id}	1690425504581	1690425504586	KO	mock/cats-create.feature:19 match response == { id: '#(id)', name: 'Billi' }
USER	create	END	1690425504589
REQUEST	delete cats	DELETE /cats/{id}	1690425503733	1690425504594	OK	 
REQUEST	delete cats	cats-get-404	1690425504596	1690425504602	OK	 
USER	custom	START	1690425504635
USER	create	START	1690425504635
REQUEST		myRpc-50	1690425504657	1690425504707	OK	 
REQUEST		POST /cats	1690425504689	1690425504699	OK	 
REQUEST		GET /cats/{id}	1690425504703	1690425504711	KO	mock/cats-create.feature:19 match response == { id: '#(id)', name: 'Billi' }
USER	create	END	1690425504714
USER	create	START	1690425504735
REQUEST		myRpc-75	1690425504713	1690425504788	KO	mock/custom-rpc.feature:15 match response == { success: false }
REQUEST		POST /cats	1690425504781	1690425504788	OK	 
REQUEST		GET /cats/{id}	1690425504792	1690425504802	KO	mock/cats-create.feature:19 match response == { id: '#(id)', name: 'Billi' }
USER	create	END	1690425504805
USER	create	START	1690425504836
REQUEST		myRpc-100	1690425504795	1690425504895	OK	 
USER	custom	END	1690425504896
REQUEST		POST /cats	1690425504884	1690425504892	OK	 
REQUEST		GET /cats/{id}	1690425504896	1690425504904	KO	mock/cats-create.feature:19 match response == { id: '#(id)', name: 'Billi' }
USER	create	END	1690425504907
USER	create	START	1690425504936
REQUEST	delete cats	DELETE /cats/{id}	1690425504089	1690425504951	OK	 
REQUEST	delete cats	cats-get-404	1690425504954	1690425504961	OK	 
REQUEST		POST /cats	1690425504970	1690425504978	OK	 
REQUEST		GET /cats/{id}	1690425504981	1690425504988	KO	mock/cats-create.feature:19 match response == { id: '#(id)', name: 'Billi' }
USER	create	END	1690425504991
USER	create	START	1690425505036
REQUEST	delete cats	DELETE /cats/{id}	1690425504207	1690425505078	OK	 
REQUEST	delete cats	cats-get-404	1690425505081	1690425505093	OK	 
REQUEST		POST /cats	1690425505081	1690425505090	OK	 
REQUEST		GET /cats/{id}	1690425505094	1690425505103	KO	mock/cats-create.feature:19 match response == { id: '#(id)', name: 'Billi' }
USER	create	END	1690425505107
USER	delete	START	1690425505135
USER	custom	START	1690425505135
USER	create	START	1690425505136
REQUEST		POST /cats	1690425505183	1690425505192	OK	 
REQUEST		GET /cats/{id}	1690425505195	1690425505202	KO	mock/cats-create.feature:19 match response == { id: '#(id)', name: 'Billi' }
USER	create	END	1690425505206
REQUEST		myRpc-50	1690425505165	1690425505216	OK	 
USER	create	START	1690425505235
REQUEST		myRpc-75	1690425505222	1690425505297	KO	mock/custom-rpc.feature:15 match response == { success: false }
REQUEST		POST /cats	1690425505279	1690425505288	OK	 
REQUEST		GET /cats/{id}	1690425505291	1690425505298	KO	mock/cats-create.feature:19 match response == { id: '#(id)', name: 'Billi' }
USER	create	END	1690425505301
USER	create	START	1690425505336
REQUEST		POST /cats	1690425505376	1690425505383	OK	 
REQUEST		GET /cats/{id}	1690425505387	1690425505393	KO	mock/cats-create.feature:19 match response == { id: '#(id)', name: 'Billi' }
USER	create	END	1690425505395
REQUEST		myRpc-100	1690425505302	1690425505402	OK	 
USER	custom	END	1690425505403
USER	create	START	1690425505436
REQUEST	delete cats	DELETE /cats/{id}	1690425504607	1690425505463	OK	 
REQUEST	delete cats	cats-get-404	1690425505465	1690425505473	OK	 
REQUEST		POST /cats	1690425505469	1690425505479	OK	 
REQUEST		GET /cats/{id}	1690425505481	1690425505489	KO	mock/cats-create.feature:19 match response == { id: '#(id)', name: 'Billi' }
USER	create	END	1690425505492
USER	create	START	1690425505536
REQUEST		POST /cats	1690425505568	1690425505575	OK	 
REQUEST		GET /cats/{id}	1690425505578	1690425505585	KO	mock/cats-create.feature:19 match response == { id: '#(id)', name: 'Billi' }
USER	create	END	1690425505588
USER	custom	START	1690425505635
USER	create	START	1690425505636
REQUEST		myRpc-50	1690425505646	1690425505696	OK	 
REQUEST		POST /cats	1690425505682	1690425505691	OK	 
REQUEST		GET /cats/{id}	1690425505695	1690425505702	KO	mock/cats-create.feature:19 match response == { id: '#(id)', name: 'Billi' }
USER	create	END	1690425505705
USER	create	START	1690425505736
REQUEST		myRpc-75	1690425505702	1690425505777	KO	mock/custom-rpc.feature:15 match response == { success: false }
REQUEST		POST /cats	1690425505769	1690425505777	OK	 
REQUEST		GET /cats/{id}	1690425505780	1690425505788	KO	mock/cats-create.feature:19 match response == { id: '#(id)', name: 'Billi' }
USER	create	END	1690425505791
REQUEST	delete cats	DELETE /cats/{id}	1690425504966	1690425505823	OK	 
REQUEST	delete cats	cats-get-404	1690425505825	1690425505830	OK	 
USER	create	START	1690425505836
REQUEST		myRpc-100	1690425505783	1690425505883	OK	 
USER	custom	END	1690425505884
REQUEST		POST /cats	1690425505879	1690425505887	OK	 
REQUEST		GET /cats/{id}	1690425505890	1690425505895	KO	mock/cats-create.feature:19 match response == { id: '#(id)', name: 'Billi' }
USER	create	END	1690425505898
USER	create	START	1690425505937
REQUEST	delete cats	DELETE /cats/{id}	1690425505098	1690425505958	OK	 
REQUEST	delete cats	cats-get-404	1690425505960	1690425505966	OK	 
REQUEST		POST /cats	1690425505978	1690425506024	OK	 
REQUEST		GET /cats/{id}	1690425506027	1690425506034	KO	mock/cats-create.feature:19 match response == { id: '#(id)', name: 'Billi' }
USER	create	END	1690425506035
USER	create	START	1690425506037
REQUEST	delete cats	DELETE /cats/{id}	1690425505210	1690425506072	OK	 
REQUEST	delete cats	cats-get-404	1690425506075	1690425506104	OK	 
REQUEST		POST /cats	1690425506068	1690425506074	OK	 
REQUEST		GET /cats/{id}	1690425506077	1690425506104	KO	mock/cats-create.feature:19 match response == { id: '#(id)', name: 'Billi' }
USER	create	END	1690425506107
REQUEST	delete cats	DELETE /cats/{id}	1690425505478	1690425506335	OK	 
REQUEST	delete cats	cats-get-404	1690425506340	1690425506354	OK	 
REQUEST	delete cats	DELETE /cats/{id}	1690425505833	1690425506690	OK	 
REQUEST	delete cats	cats-get-404	1690425506695	1690425506705	OK	 
REQUEST	delete cats	DELETE /cats/{id}	1690425505970	1690425506825	OK	 
REQUEST	delete cats	cats-get-404	1690425506829	1690425506841	OK	 
REQUEST	delete cats	DELETE /cats/{id}	1690425506108	1690425506966	OK	 
REQUEST	delete cats	cats-get-404	1690425506969	1690425506975	OK	 
REQUEST	delete cats	DELETE /cats/{id}	1690425506363	1690425507225	OK	 
REQUEST	delete cats	cats-get-404	1690425507228	1690425507240	OK	 
REQUEST	delete cats	DELETE /cats/{id}	1690425506713	1690425507572	OK	 
REQUEST	delete cats	cats-get-404	1690425507575	1690425507586	OK	 
REQUEST	delete cats	DELETE /cats/{id}	1690425506849	1690425507709	OK	 
REQUEST	delete cats	cats-get-404	1690425507713	1690425507724	OK	 
REQUEST	delete cats	DELETE /cats/{id}	1690425506979	1690425507835	OK	 
REQUEST	delete cats	cats-get-404	1690425507836	1690425507840	OK	 
REQUEST	delete cats	DELETE /cats/{id}	1690425507249	1690425508112	OK	 
REQUEST	delete cats	cats-get-404	1690425508116	1690425508127	OK	 
REQUEST	delete cats	DELETE /cats/{id}	1690425507596	1690425508459	OK	 
REQUEST	delete cats	cats-get-404	1690425508462	1690425508475	OK	 
REQUEST	delete cats	DELETE /cats/{id}	1690425507733	1690425508595	OK	 
REQUEST	delete cats	cats-get-404	1690425508599	1690425508613	OK	 
REQUEST	delete cats	DELETE /cats/{id}	1690425507843	1690425508698	OK	 
REQUEST	delete cats	cats-get-404	1690425508701	1690425508711	OK	 
REQUEST	delete cats	DELETE /cats/{id}	1690425508136	1690425508996	OK	 
REQUEST	delete cats	cats-get-404	1690425509001	1690425509011	OK	 
REQUEST	delete cats	DELETE /cats/{id}	1690425508486	1690425509351	OK	 
REQUEST	delete cats	cats-get-404	1690425509355	1690425509366	OK	 
REQUEST	delete cats	DELETE /cats/{id}	1690425508620	1690425509484	OK	 
REQUEST	delete cats	cats-get-404	1690425509485	1690425509489	OK	 
REQUEST	delete cats	DELETE /cats/{id}	1690425508720	1690425509583	OK	 
REQUEST	delete cats	cats-get-404	1690425509586	1690425509599	OK	 
REQUEST	delete cats	DELETE /cats/{id}	1690425509018	1690425509879	OK	 
REQUEST	delete cats	cats-get-404	1690425509884	1690425509897	OK	 
REQUEST	delete cats	DELETE /cats/{id}	1690425509377	1690425510243	OK	 
REQUEST	delete cats	cats-get-404	1690425510247	1690425510260	OK	 
REQUEST	delete cats	DELETE /cats/{id}	1690425509493	1690425510347	OK	 
REQUEST	delete cats	cats-get-404	1690425510350	1690425510355	OK	 
REQUEST	delete cats	DELETE /cats/{id}	1690425509617	1690425510479	OK	 
REQUEST	delete cats	cats-get-404	1690425510483	1690425510492	OK	 
REQUEST	delete cats	DELETE /cats/{id}	1690425509907	1690425510770	OK	 
REQUEST	delete cats	cats-get-404	1690425510772	1690425510776	OK	 
REQUEST	delete cats	GET /cats	1690425502271	1690425502568	OK	 
GROUP	delete cats	1690425502136	1690425510777	0	OK
USER	delete	END	1690425510778
REQUEST	delete cats	DELETE /cats/{id}	1690425510270	1690425511128	OK	 
REQUEST	delete cats	cats-get-404	1690425511130	1690425511134	OK	 
REQUEST	delete cats	DELETE /cats/{id}	1690425510358	1690425511213	OK	 
REQUEST	delete cats	cats-get-404	1690425511214	1690425511220	OK	 
REQUEST	delete cats	DELETE /cats/{id}	1690425510500	1690425511360	OK	 
REQUEST	delete cats	cats-get-404	1690425511363	1690425511373	OK	 
REQUEST	delete cats	DELETE /cats/{id}	1690425511138	1690425511995	OK	 
REQUEST	delete cats	cats-get-404	1690425511998	1690425512007	OK	 
REQUEST	delete cats	DELETE /cats/{id}	1690425511223	1690425512079	OK	 
REQUEST	delete cats	cats-get-404	1690425512080	1690425512084	OK	 
REQUEST	delete cats	DELETE /cats/{id}	1690425511381	1690425512246	OK	 
REQUEST	delete cats	cats-get-404	1690425512249	1690425512258	OK	 
REQUEST	delete cats	DELETE /cats/{id}	1690425512016	1690425512876	OK	 
REQUEST	delete cats	cats-get-404	1690425512879	1690425512888	OK	 
REQUEST	delete cats	DELETE /cats/{id}	1690425512087	1690425512942	OK	 
REQUEST	delete cats	cats-get-404	1690425512943	1690425512948	OK	 
REQUEST	delete cats	DELETE /cats/{id}	1690425512265	1690425513125	OK	 
REQUEST	delete cats	cats-get-404	1690425513128	1690425513138	OK	 
REQUEST	delete cats	DELETE /cats/{id}	1690425512894	1690425513755	OK	 
REQUEST	delete cats	cats-get-404	1690425513759	1690425513767	OK	 
REQUEST	delete cats	DELETE /cats/{id}	1690425512951	1690425513806	OK	 
REQUEST	delete cats	cats-get-404	1690425513808	1690425513813	OK	 
REQUEST	delete cats	DELETE /cats/{id}	1690425513146	1690425514006	OK	 
REQUEST	delete cats	cats-get-404	1690425514009	1690425514020	OK	 
REQUEST	delete cats	DELETE /cats/{id}	1690425513774	1690425514633	OK	 
REQUEST	delete cats	cats-get-404	1690425514638	1690425514651	OK	 
REQUEST	delete cats	DELETE /cats/{id}	1690425513815	1690425514671	OK	 
REQUEST	delete cats	cats-get-404	1690425514674	1690425514682	OK	 
REQUEST	delete cats	DELETE /cats/{id}	1690425514026	1690425514884	OK	 
REQUEST	delete cats	cats-get-404	1690425514887	1690425514895	OK	 
REQUEST	delete cats	DELETE /cats/{id}	1690425514660	1690425515519	OK	 
REQUEST	delete cats	cats-get-404	1690425515523	1690425515527	OK	 
REQUEST	delete cats	DELETE /cats/{id}	1690425514687	1690425515544	OK	 
REQUEST	delete cats	cats-get-404	1690425515545	1690425515552	OK	 
REQUEST	delete cats	DELETE /cats/{id}	1690425514902	1690425515760	OK	 
REQUEST	delete cats	cats-get-404	1690425515764	1690425515775	OK	 
REQUEST	delete cats	DELETE /cats/{id}	1690425515530	1690425516386	OK	 
REQUEST	delete cats	cats-get-404	1690425516390	1690425516398	OK	 
REQUEST	delete cats	DELETE /cats/{id}	1690425515556	1690425516412	OK	 
REQUEST	delete cats	cats-get-404	1690425516415	1690425516423	OK	 
REQUEST	delete cats	DELETE /cats/{id}	1690425515782	1690425516645	OK	 
REQUEST	delete cats	cats-get-404	1690425516647	1690425516656	OK	 
REQUEST	delete cats	DELETE /cats/{id}	1690425516404	1690425517265	OK	 
REQUEST	delete cats	cats-get-404	1690425517268	1690425517277	OK	 
REQUEST	delete cats	DELETE /cats/{id}	1690425516427	1690425517283	OK	 
REQUEST	delete cats	cats-get-404	1690425517287	1690425517303	OK	 
REQUEST	delete cats	DELETE /cats/{id}	1690425516664	1690425517522	OK	 
REQUEST	delete cats	cats-get-404	1690425517525	1690425517533	OK	 
REQUEST	delete cats	DELETE /cats/{id}	1690425517285	1690425518152	OK	 
REQUEST	delete cats	cats-get-404	1690425518155	1690425518159	OK	 
REQUEST	delete cats	DELETE /cats/{id}	1690425517308	1690425518165	OK	 
REQUEST	delete cats	cats-get-404	1690425518166	1690425518171	OK	 
REQUEST	delete cats	DELETE /cats/{id}	1690425517540	1690425518400	OK	 
REQUEST	delete cats	cats-get-404	1690425518403	1690425518411	OK	 
REQUEST	delete cats	DELETE /cats/{id}	1690425518162	1690425519017	OK	 
REQUEST	delete cats	cats-get-404	1690425519019	1690425519027	OK	 
REQUEST	delete cats	DELETE /cats/{id}	1690425518174	1690425519029	OK	 
REQUEST	delete cats	cats-get-404	1690425519033	1690425519044	OK	 
REQUEST	delete cats	DELETE /cats/{id}	1690425518417	1690425519277	OK	 
REQUEST	delete cats	cats-get-404	1690425519281	1690425519290	OK	 
REQUEST	delete cats	DELETE /cats/{id}	1690425519035	1690425519901	OK	 
REQUEST	delete cats	cats-get-404	1690425519904	1690425519915	OK	 
REQUEST	delete cats	GET /cats	1690425503187	1690425503198	OK	 
GROUP	delete cats	1690425503137	1690425519918	0	OK
USER	delete	END	1690425519918
REQUEST	delete cats	DELETE /cats/{id}	1690425519051	1690425519907	OK	 
REQUEST	delete cats	cats-get-404	1690425519910	1690425519921	OK	 
REQUEST	delete cats	DELETE /cats/{id}	1690425519296	1690425520155	OK	 
REQUEST	delete cats	cats-get-404	1690425520160	1690425520169	OK	 
REQUEST	delete cats	DELETE /cats/{id}	1690425519929	1690425520787	OK	 
REQUEST	delete cats	cats-get-404	1690425520790	1690425520800	OK	 
REQUEST	delete cats	DELETE /cats/{id}	1690425520175	1690425521034	OK	 
REQUEST	delete cats	cats-get-404	1690425521037	1690425521047	OK	 
REQUEST	delete cats	DELETE /cats/{id}	1690425520806	1690425521667	OK	 
REQUEST	delete cats	cats-get-404	1690425521670	1690425521675	OK	 
REQUEST	delete cats	DELETE /cats/{id}	1690425521053	1690425521912	OK	 
REQUEST	delete cats	cats-get-404	1690425521915	1690425521922	OK	 
REQUEST	delete cats	DELETE /cats/{id}	1690425521677	1690425522533	OK	 
REQUEST	delete cats	cats-get-404	1690425522536	1690425522544	OK	 
REQUEST	delete cats	DELETE /cats/{id}	1690425521929	1690425522787	OK	 
REQUEST	delete cats	cats-get-404	1690425522790	1690425522799	OK	 
REQUEST	delete cats	DELETE /cats/{id}	1690425522551	1690425523412	OK	 
REQUEST	delete cats	cats-get-404	1690425523415	1690425523418	OK	 
REQUEST	delete cats	DELETE /cats/{id}	1690425522806	1690425523666	OK	 
REQUEST	delete cats	cats-get-404	1690425523670	1690425523679	OK	 
REQUEST	delete cats	DELETE /cats/{id}	1690425523422	1690425524277	OK	 
REQUEST	delete cats	cats-get-404	1690425524281	1690425524291	OK	 
REQUEST	delete cats	DELETE /cats/{id}	1690425523687	1690425524548	OK	 
REQUEST	delete cats	cats-get-404	1690425524550	1690425524558	OK	 
REQUEST	delete cats	DELETE /cats/{id}	1690425524299	1690425525160	OK	 
REQUEST	delete cats	cats-get-404	1690425525165	1690425525174	OK	 
REQUEST	delete cats	DELETE /cats/{id}	1690425524561	1690425525424	OK	 
REQUEST	delete cats	cats-get-404	1690425525429	1690425525438	OK	 
REQUEST	delete cats	DELETE /cats/{id}	1690425525182	1690425526043	OK	 
REQUEST	delete cats	cats-get-404	1690425526046	1690425526049	OK	 
REQUEST	delete cats	DELETE /cats/{id}	1690425525445	1690425526305	OK	 
REQUEST	delete cats	cats-get-404	1690425526307	1690425526311	OK	 
REQUEST	delete cats	DELETE /cats/{id}	1690425526052	1690425526907	OK	 
REQUEST	delete cats	cats-get-404	1690425526909	1690425526917	OK	 
REQUEST	delete cats	DELETE /cats/{id}	1690425526315	1690425527169	OK	 
REQUEST	delete cats	cats-get-404	1690425527171	1690425527179	OK	 
REQUEST	delete cats	DELETE /cats/{id}	1690425526922	1690425527780	OK	 
REQUEST	delete cats	cats-get-404	1690425527783	1690425527790	OK	 
REQUEST	delete cats	GET /cats	1690425504189	1690425504197	OK	 
GROUP	delete cats	1690425504136	1690425527793	0	OK
USER	delete	END	1690425527793
REQUEST	delete cats	DELETE /cats/{id}	1690425527185	1690425528043	OK	 
REQUEST	delete cats	cats-get-404	1690425528045	1690425528049	OK	 
REQUEST	delete cats	DELETE /cats/{id}	1690425528052	1690425528907	OK	 
REQUEST	delete cats	cats-get-404	1690425528910	1690425528919	OK	 
REQUEST	delete cats	DELETE /cats/{id}	1690425528925	1690425529784	OK	 
REQUEST	delete cats	cats-get-404	1690425529786	1690425529794	OK	 
REQUEST	delete cats	DELETE /cats/{id}	1690425529799	1690425530657	OK	 
REQUEST	delete cats	cats-get-404	1690425530660	1690425530669	OK	 
REQUEST	delete cats	DELETE /cats/{id}	1690425530676	1690425531535	OK	 
REQUEST	delete cats	cats-get-404	1690425531539	1690425531548	OK	 
REQUEST	delete cats	DELETE /cats/{id}	1690425531554	1690425532415	OK	 
REQUEST	delete cats	cats-get-404	1690425532417	1690425532426	OK	 
REQUEST	delete cats	DELETE /cats/{id}	1690425532432	1690425533291	OK	 
REQUEST	delete cats	cats-get-404	1690425533295	1690425533303	OK	 
REQUEST	delete cats	DELETE /cats/{id}	1690425533306	1690425534161	OK	 
REQUEST	delete cats	cats-get-404	1690425534163	1690425534172	OK	 
REQUEST	delete cats	DELETE /cats/{id}	1690425534179	1690425535037	OK	 
REQUEST	delete cats	cats-get-404	1690425535040	1690425535047	OK	 
REQUEST	delete cats	DELETE /cats/{id}	1690425535052	1690425535909	OK	 
REQUEST	delete cats	cats-get-404	1690425535911	1690425535918	OK	 
REQUEST	delete cats	DELETE /cats/{id}	1690425535923	1690425536781	OK	 
REQUEST	delete cats	cats-get-404	1690425536783	1690425536792	OK	 
REQUEST	delete cats	GET /cats	1690425505187	1690425505196	OK	 
GROUP	delete cats	1690425505135	1690425536795	0	OK
USER	delete	END	1690425536795
