ASSERTION	AAMAAQ1jcmVhdGVBbmRSZWFkAgADBQAAAAAAAAAAAA==
RUN	mock.CatsChainedSimulation	catschainedsimulation	1690431941023	 	3.7.4
USER	createAndRead	START	1690431941222
USER	createAndRead	START	1690431941696
REQUEST	createAndRead	POST /cats	1690431941784	1690431942125	OK	 
REQUEST	createAndRead	POST /cats	1690431941587	1690431942136	OK	 
USER	createAndRead	START	1690431942196
REQUEST	createAndRead	GET /cats/{id}	1690431942237	1690431942333	OK	 
GROUP	createAndRead	1690431941696	1690431942343	0	OK
REQUEST	createAndRead	GET /cats/{id}	1690431942311	1690431942368	OK	 
USER	createAndRead	END	1690431942351
GROUP	createAndRead	1690431941224	1690431942385	0	OK
USER	createAndRead	END	1690431942385
REQUEST	createAndRead	POST /cats	1690431942321	1690431942399	OK	 
REQUEST	createAndRead	GET /cats/{id}	1690431942458	1690431942492	OK	 
GROUP	createAndRead	1690431942197	1690431942498	0	OK
USER	createAndRead	END	1690431942500
USER	createAndRead	START	1690431942697
REQUEST	createAndRead	POST /cats	1690431942756	1690431942852	OK	 
REQUEST	createAndRead	GET /cats/{id}	1690431942897	1690431942936	OK	 
GROUP	createAndRead	1690431942697	1690431942950	0	OK
USER	createAndRead	END	1690431942953
USER	createAndRead	START	1690431943197
REQUEST	createAndRead	POST /cats	1690431943253	1690431943270	OK	 
REQUEST	createAndRead	GET /cats/{id}	1690431943305	1690431943321	OK	 
GROUP	createAndRead	1690431943198	1690431943326	0	OK
USER	createAndRead	END	1690431943333
USER	createAndRead	START	1690431943680
REQUEST	createAndRead	POST /cats	1690431943712	1690431943728	OK	 
REQUEST	createAndRead	GET /cats/{id}	1690431943758	1690431943782	OK	 
GROUP	createAndRead	1690431943680	1690431943790	0	OK
USER	createAndRead	END	1690431943801
USER	createAndRead	START	1690431944182
REQUEST	createAndRead	POST /cats	1690431944220	1690431944234	OK	 
REQUEST	createAndRead	GET /cats/{id}	1690431944259	1690431944270	OK	 
GROUP	createAndRead	1690431944182	1690431944274	0	OK
USER	createAndRead	END	1690431944274
USER	createAndRead	START	1690431944681
REQUEST	createAndRead	POST /cats	1690431944700	1690431944725	OK	 
REQUEST	createAndRead	GET /cats/{id}	1690431944780	1690431944793	OK	 
GROUP	createAndRead	1690431944681	1690431944799	0	OK
USER	createAndRead	END	1690431944799
USER	createAndRead	START	1690431945181
REQUEST	createAndRead	POST /cats	1690431945235	1690431945258	OK	 
REQUEST	createAndRead	GET /cats/{id}	1690431945319	1690431945332	OK	 
GROUP	createAndRead	1690431945181	1690431945335	0	OK
USER	createAndRead	END	1690431945335
USER	createAndRead	START	1690431945680
REQUEST	createAndRead	POST /cats	1690431945702	1690431945728	OK	 
REQUEST	createAndRead	GET /cats/{id}	1690431945795	1690431945814	OK	 
GROUP	createAndRead	1690431945681	1690431945819	0	OK
USER	createAndRead	END	1690431945819
