ASSERTION	AAMAAQ1jcmVhdGVBbmRSZWFkAgADBQAAAAAAAAAAAA==
RUN	mock.CatsChainedSimulation	catschainedsimulation	1690430965557	 	3.7.4
USER	createAndRead	START	1690430965713
USER	createAndRead	START	1690430966201
REQUEST	createAndRead	POST /cats	1690430966253	1690430966462	OK	 
REQUEST	createAndRead	POST /cats	1690430966021	1690430966458	OK	 
REQUEST	createAndRead	GET /cats/{id}	1690430966535	1690430966654	OK	 
GROUP	createAndRead	1690430966201	1690430966672	0	OK
REQUEST	createAndRead	GET /cats/{id}	1690430966592	1690430966680	OK	 
GROUP	createAndRead	1690430965715	1690430966685	0	OK
USER	createAndRead	END	1690430966681
USER	createAndRead	END	1690430966685
USER	createAndRead	START	1690430966701
REQUEST	createAndRead	POST /cats	1690430966747	1690430966817	OK	 
REQUEST	createAndRead	GET /cats/{id}	1690430966869	1690430966924	OK	 
GROUP	createAndRead	1690430966701	1690430966930	0	OK
USER	createAndRead	END	1690430966934
USER	createAndRead	START	1690430967204
REQUEST	createAndRead	POST /cats	1690430967266	1690430967348	OK	 
REQUEST	createAndRead	GET /cats/{id}	1690430967389	1690430967420	OK	 
GROUP	createAndRead	1690430967204	1690430967424	0	OK
USER	createAndRead	END	1690430967428
USER	createAndRead	START	1690430967704
REQUEST	createAndRead	POST /cats	1690430967767	1690430967801	OK	 
REQUEST	createAndRead	GET /cats/{id}	1690430967854	1690430967874	OK	 
GROUP	createAndRead	1690430967704	1690430967878	0	OK
USER	createAndRead	END	1690430967881
USER	createAndRead	START	1690430968190
REQUEST	createAndRead	POST /cats	1690430968257	1690430968298	OK	 
REQUEST	createAndRead	GET /cats/{id}	1690430968360	1690430968368	OK	 
GROUP	createAndRead	1690430968190	1690430968373	0	OK
USER	createAndRead	END	1690430968374
USER	createAndRead	START	1690430968692
REQUEST	createAndRead	POST /cats	1690430968752	1690430968782	OK	 
REQUEST	createAndRead	GET /cats/{id}	1690430968832	1690430968844	OK	 
GROUP	createAndRead	1690430968692	1690430968848	0	OK
USER	createAndRead	END	1690430968848
USER	createAndRead	START	1690430969189
REQUEST	createAndRead	POST /cats	1690430969213	1690430969246	OK	 
REQUEST	createAndRead	GET /cats/{id}	1690430969319	1690430969333	OK	 
GROUP	createAndRead	1690430969189	1690430969338	0	OK
USER	createAndRead	END	1690430969338
USER	createAndRead	START	1690430969691
REQUEST	createAndRead	POST /cats	1690430969743	1690430969769	OK	 
REQUEST	createAndRead	GET /cats/{id}	1690430969835	1690430969847	OK	 
GROUP	createAndRead	1690430969691	1690430969851	0	OK
USER	createAndRead	END	1690430969851
USER	createAndRead	START	1690430970190
REQUEST	createAndRead	POST /cats	1690430970215	1690430970247	OK	 
REQUEST	createAndRead	GET /cats/{id}	1690430970317	1690430970333	OK	 
GROUP	createAndRead	1690430970190	1690430970339	0	OK
USER	createAndRead	END	1690430970339
