ASSERTION	AAMAAQ1jcmVhdGVBbmRSZWFkAgADBQAAAAAAAAAAAA==
RUN	mock.CatsChainedSimulation	catschainedsimulation	1690425265203	 	3.7.4
USER	createAndRead	START	1690425265320
USER	createAndRead	START	1690425265812
REQUEST	createAndRead	POST /cats	1690425265866	1690425266057	OK	 
REQUEST	createAndRead	POST /cats	1690425265659	1690425266037	OK	 
REQUEST	createAndRead	GET /cats/{id}	1690425266101	1690425266149	OK	 
GROUP	createAndRead	1690425265322	1690425266160	0	OK
USER	createAndRead	END	1690425266163
REQUEST	createAndRead	GET /cats/{id}	1690425266174	1690425266213	OK	 
GROUP	createAndRead	1690425265812	1690425266250	0	OK
USER	createAndRead	END	1690425266251
USER	createAndRead	START	1690425266314
REQUEST	createAndRead	POST /cats	1690425266356	1690425266393	OK	 
REQUEST	createAndRead	GET /cats/{id}	1690425266433	1690425266466	OK	 
GROUP	createAndRead	1690425266314	1690425266470	0	OK
USER	createAndRead	END	1690425266472
USER	createAndRead	START	1690425266815
REQUEST	createAndRead	POST /cats	1690425266848	1690425266882	OK	 
REQUEST	createAndRead	GET /cats/{id}	1690425266928	1690425266959	OK	 
GROUP	createAndRead	1690425266815	1690425266963	0	OK
USER	createAndRead	END	1690425266963
USER	createAndRead	START	1690425267318
REQUEST	createAndRead	POST /cats	1690425267369	1690425267398	OK	 
REQUEST	createAndRead	GET /cats/{id}	1690425267445	1690425267461	OK	 
GROUP	createAndRead	1690425267318	1690425267464	0	OK
USER	createAndRead	END	1690425267464
USER	createAndRead	START	1690425267807
REQUEST	createAndRead	POST /cats	1690425267872	1690425267910	OK	 
REQUEST	createAndRead	GET /cats/{id}	1690425267954	1690425267967	OK	 
GROUP	createAndRead	1690425267807	1690425267971	0	OK
USER	createAndRead	END	1690425267971
USER	createAndRead	START	1690425268309
REQUEST	createAndRead	POST /cats	1690425268356	1690425268389	OK	 
REQUEST	createAndRead	GET /cats/{id}	1690425268456	1690425268467	OK	 
GROUP	createAndRead	1690425268309	1690425268469	0	OK
USER	createAndRead	END	1690425268470
USER	createAndRead	START	1690425268806
REQUEST	createAndRead	POST /cats	1690425268881	1690425268906	OK	 
REQUEST	createAndRead	GET /cats/{id}	1690425268951	1690425268962	OK	 
GROUP	createAndRead	1690425268806	1690425268965	0	OK
USER	createAndRead	END	1690425268965
USER	createAndRead	START	1690425269307
REQUEST	createAndRead	POST /cats	1690425269332	1690425269361	OK	 
REQUEST	createAndRead	GET /cats/{id}	1690425269423	1690425269442	OK	 
GROUP	createAndRead	1690425269307	1690425269448	0	OK
USER	createAndRead	END	1690425269448
USER	createAndRead	START	1690425269806
REQUEST	createAndRead	POST /cats	1690425269857	1690425269883	OK	 
REQUEST	createAndRead	GET /cats/{id}	1690425269912	1690425269934	OK	 
GROUP	createAndRead	1690425269806	1690425269937	0	OK
USER	createAndRead	END	1690425269937
