ASSERTION	AAMAAQ1jcmVhdGVBbmRSZWFkAgADBQAAAAAAAAAAAA==
RUN	mock.CatsChainedSimulation	catschainedsimulation	1687021495591	 	3.7.4
USER	createAndRead	START	1687021495809
USER	createAndRead	START	1687021496291
USER	createAndRead	START	1687021496796
REQUEST	createAndRead	POST /cats	1687021496253	1687021496836	OK	 
REQUEST	createAndRead	POST /cats	1687021496399	1687021496797	OK	 
REQUEST	createAndRead	POST /cats	1687021496920	1687021497055	OK	 
REQUEST	createAndRead	GET /cats/{id}	1687021497001	1687021497124	OK	 
REQUEST	createAndRead	GET /cats/{id}	1687021497037	1687021497168	OK	 
GROUP	createAndRead	1687021495811	1687021497164	0	OK
GROUP	createAndRead	1687021496291	1687021497186	0	OK
USER	createAndRead	END	1687021497175
USER	createAndRead	END	1687021497187
REQUEST	createAndRead	GET /cats/{id}	1687021497135	1687021497248	OK	 
GROUP	createAndRead	1687021496796	1687021497254	0	OK
USER	createAndRead	END	1687021497254
USER	createAndRead	START	1687021497300
REQUEST	createAndRead	POST /cats	1687021497427	1687021497496	OK	 
REQUEST	createAndRead	GET /cats/{id}	1687021497584	1687021497664	OK	 
GROUP	createAndRead	1687021497300	1687021497674	0	OK
USER	createAndRead	END	1687021497675
USER	createAndRead	START	1687021497800
REQUEST	createAndRead	POST /cats	1687021497826	1687021497847	OK	 
REQUEST	createAndRead	GET /cats/{id}	1687021497922	1687021497950	OK	 
GROUP	createAndRead	1687021497800	1687021497963	0	OK
USER	createAndRead	END	1687021497967
USER	createAndRead	START	1687021498280
REQUEST	createAndRead	POST /cats	1687021498341	1687021498378	OK	 
REQUEST	createAndRead	GET /cats/{id}	1687021498419	1687021498433	OK	 
GROUP	createAndRead	1687021498280	1687021498438	0	OK
USER	createAndRead	END	1687021498445
USER	createAndRead	START	1687021498781
REQUEST	createAndRead	POST /cats	1687021498842	1687021498872	OK	 
REQUEST	createAndRead	GET /cats/{id}	1687021498912	1687021498922	OK	 
GROUP	createAndRead	1687021498781	1687021498930	0	OK
USER	createAndRead	END	1687021498931
USER	createAndRead	START	1687021499279
REQUEST	createAndRead	POST /cats	1687021499321	1687021499334	OK	 
REQUEST	createAndRead	GET /cats/{id}	1687021499368	1687021499384	OK	 
GROUP	createAndRead	1687021499279	1687021499389	0	OK
USER	createAndRead	END	1687021499391
USER	createAndRead	START	1687021499782
REQUEST	createAndRead	POST /cats	1687021499795	1687021499816	OK	 
REQUEST	createAndRead	GET /cats/{id}	1687021499882	1687021499907	OK	 
GROUP	createAndRead	1687021499782	1687021499927	0	OK
USER	createAndRead	END	1687021499927
USER	createAndRead	START	1687021500279
REQUEST	createAndRead	POST /cats	1687021500309	1687021500322	OK	 
REQUEST	createAndRead	GET /cats/{id}	1687021500345	1687021500357	OK	 
GROUP	createAndRead	1687021500279	1687021500362	0	OK
USER	createAndRead	END	1687021500362
