RUN	mock.CatsSimulation	catssimulation	1690431072754	 	3.7.4
USER	create	START	1690431072897
USER	delete	START	1690431072965
USER	create1	START	1690431072948
USER	create	START	1690431073086
USER	custom	START	1690431073077
USER	create	START	1690431072979
USER	create1	START	1690431073073
USER	create1	START	1690431072973
USER	create	START	1690431073194
USER	create1	START	1690431073173
USER	create1	START	1690431073281
USER	create	START	1690431073304
USER	custom	START	1690431073377
USER	create1	START	1690431073374
USER	create	START	1690431073414
REQUEST		myRpc-50	1690431073409	1690431073460	OK	 
USER	create	START	1690431073532
USER	create1	START	1690431073475
USER	create1	START	1690431073574
REQUEST		myRpc-50	1690431073571	1690431073625	OK	 
REQUEST		myRpc-75	1690431073591	1690431073666	KO	mock/custom-rpc.feature:15 match response == { success: false }
USER	create	START	1690431073625
USER	create1	START	1690431073675
REQUEST		myRpc-75	1690431073659	1690431073734	KO	mock/custom-rpc.feature:15 match response == { success: false }
USER	create	START	1690431073729
USER	create	START	1690431073829
USER	create1	START	1690431073774
REQUEST		myRpc-100	1690431073752	1690431073852	OK	 
REQUEST		myRpc-100	1690431073777	1690431073877	OK	 
USER	custom	END	1690431073856
USER	create1	START	1690431073874
USER	custom	START	1690431073941
USER	create	START	1690431073929
USER	delete	START	1690431073881
REQUEST		GET /api/users?page=2	1690431073717	1690431073952	OK	 
USER	custom	END	1690431073878
REQUEST		GET /api/users?page=2	1690431073546	1690431074025	OK	 
REQUEST		GET /api/users?page=2	1690431073547	1690431074048	OK	 
USER	create1	START	1690431073974
REQUEST		GET /api/users?page=2	1690431073546	1690431074083	OK	 
REQUEST		GET /api/users?page=2	1690431073864	1690431074027	OK	 
REQUEST		GET /api/users?page=2	1690431073550	1690431074104	OK	 
REQUEST		GET /api/users?page=2	1690431073542	1690431074046	OK	 
REQUEST		GET /api/users?page=2	1690431073592	1690431074059	OK	 
REQUEST		myRpc-50	1690431074087	1690431074138	OK	 
USER	create	START	1690431074030
REQUEST		GET /api/users?page=2	1690431073934	1690431074137	OK	 
REQUEST		GET /api/users?page=2	1690431073694	1690431074102	OK	 
USER	create1	START	1690431074083
USER	create	START	1690431074129
USER	create	START	1690431074230
USER	create1	START	1690431074183
USER	create1	START	1690431074283
USER	create	START	1690431074330
REQUEST		myRpc-75	1690431074262	1690431074337	KO	mock/custom-rpc.feature:15 match response == { success: false }
REQUEST		GET /api/users?page=2	1690431074049	1690431074311	OK	 
USER	custom	START	1690431074379
USER	create1	START	1690431074384
USER	create	START	1690431074430
REQUEST		myRpc-100	1690431074387	1690431074487	OK	 
USER	create1	START	1690431074483
USER	custom	END	1690431074491
REQUEST		GET /api/users?page=2	1690431074265	1690431074496	OK	 
REQUEST		myRpc-50	1690431074472	1690431074524	OK	 
REQUEST		GET /api/users?page=2	1690431074313	1690431074512	OK	 
USER	create	START	1690431074533
REQUEST		GET /api/users/7	1690431074276	1690431074510	OK	 
REQUEST		GET /api/users/7	1690431074034	1690431074474	OK	 
REQUEST		GET /api/users/7	1690431074236	1690431074513	OK	 
USER	create1	START	1690431074583
REQUEST		GET /api/users/7	1690431074276	1690431074510	OK	 
REQUEST		GET /api/users/7	1690431074053	1690431074550	OK	 
USER	create	START	1690431074669
REQUEST		myRpc-75	1690431074575	1690431074675	KO	mock/custom-rpc.feature:15 match response == { success: false }
USER	create1	START	1690431074683
USER	create	START	1690431074730
REQUEST		GET /api/users/7	1690431074153	1690431074686	OK	 
REQUEST		GET /api/users/7	1690431074277	1690431074688	OK	 
REQUEST		GET /api/users/7	1690431074253	1690431074683	OK	 
REQUEST		GET /api/users?page=2	1690431074493	1690431074727	OK	 
REQUEST		GET /api/users/7	1690431074267	1690431074676	OK	 
REQUEST		GET /api/users/7	1690431074178	1690431074680	OK	 
REQUEST		GET /api/users?page=2	1690431074426	1690431074771	OK	 
USER	create1	START	1690431074784
REQUEST		GET /api/users/7	1690431074448	1690431074781	OK	 
REQUEST		myRpc-100	1690431074729	1690431074829	OK	 
USER	custom	END	1690431074830
USER	create	START	1690431074830
USER	custom	START	1690431074881
USER	delete	START	1690431074884
USER	create1	START	1690431074886
REQUEST		GET /api/users/7	1690431074668	1690431074844	OK	 
USER	create	START	1690431074933
REQUEST		myRpc-50	1690431074891	1690431074941	OK	 
REQUEST		GET /api/users?page=2	1690431074448	1690431074912	OK	 
REQUEST		GET /api/users?page=2	1690431074725	1690431074928	OK	 
REQUEST		GET /api/users/7	1690431074588	1690431074916	OK	 
USER	create	START	1690431074995
REQUEST		myRpc-75	1690431074949	1690431075024	KO	mock/custom-rpc.feature:15 match response == { success: false }
REQUEST		GET /100	1690431074567	1690431075020	OK	 
USER	create1	START	1690431075005
REQUEST		GET /api/users/7	1690431074820	1690431075038	OK	 
USER	create	START	1690431075073
USER	create1	START	1690431075074
REQUEST		GET /100	1690431074683	1690431075088	OK	 
REQUEST		GET /100	1690431074689	1690431075089	OK	 
REQUEST	delete cats	GET /cats	1690431073547	1690431075101	OK	 
GROUP	delete cats	1690431072966	1690431075114	0	OK
USER	delete	END	1690431075114
REQUEST		myRpc-100	1690431075034	1690431075134	OK	 
USER	custom	END	1690431075134
REQUEST		GET /api/users/7	1690431074849	1690431075111	OK	 
REQUEST		GET /api/users?page=2	1690431074864	1690431075110	OK	 
REQUEST		GET /api/users?page=2	1690431074862	1690431075124	OK	 
REQUEST		GET /100	1690431074721	1690431075147	OK	 
REQUEST		GET /100	1690431074744	1690431075162	OK	 
REQUEST		GET /api/users?page=2	1690431074882	1690431075180	OK	 
USER	create1	START	1690431075173
USER	create	START	1690431075223
REQUEST		GET /api/users/7	1690431075012	1690431075256	OK	 
REQUEST		GET /100	1690431074850	1690431075307	OK	 
REQUEST		GET /100	1690431074793	1690431075318	OK	 
USER	create1	START	1690431075304
REQUEST		GET /100	1690431074849	1690431075322	OK	 
REQUEST		GET /100	1690431074904	1690431075336	OK	 
USER	create1	START	1690431075373
REQUEST		GET /100	1690431074871	1690431075338	OK	 
REQUEST		GET /100	1690431074885	1690431075338	OK	 
USER	create	START	1690431075405
USER	create	START	1690431075376
REQUEST		GET /api/users/7	1690431075184	1690431075364	OK	 
REQUEST		GET /100	1690431075027	1690431075438	OK	 
REQUEST		GET /api/users/7	1690431075031	1690431075329	OK	 
USER	create1	START	1690431075473
USER	create	START	1690431075481
REQUEST		GET /api/users?page=2	1690431075243	1690431075454	OK	 
USER	custom	START	1690431075427
REQUEST		GET /api/users/7	1690431075189	1690431075416	OK	 
REQUEST		GET /api/users?page=2	1690431075353	1690431075549	OK	 
REQUEST		GET /100	1690431075182	1690431075574	OK	 
REQUEST		POST //api/users	1690431075252	1690431075567	OK	 
USER	create1	START	1690431075573
REQUEST		GET /100	1690431075202	1690431075578	OK	 
USER	create	START	1690431075602
REQUEST		GET /api/users?page=2	1690431075231	1690431075619	OK	 
REQUEST		GET /api/users/7	1690431075241	1690431075620	OK	 
USER	create1	START	1690431075674
REQUEST		myRpc-50	1690431075669	1690431075720	OK	 
REQUEST		POST //api/users	1690431075229	1690431075668	OK	 
REQUEST		POST //api/users	1690431075232	1690431075646	OK	 
USER	create	START	1690431075707
REQUEST		POST //api/users	1690431075346	1690431075668	OK	 
REQUEST		POST //api/users	1690431075201	1690431075682	OK	 
REQUEST		POST //api/users	1690431075237	1690431075717	OK	 
REQUEST		GET /api/users/7	1690431075555	1690431075767	OK	 
REQUEST		GET /api/users?page=2	1690431075576	1690431075786	OK	 
REQUEST		GET /100	1690431075401	1690431075790	OK	 
REQUEST		GET /api/users?page=2	1690431075552	1690431075843	OK	 
USER	create1	START	1690431075777
USER	custom	START	1690431075874
USER	create	START	1690431075855
REQUEST		GET /api/users?page=2	1690431075206	1690431075839	OK	 
REQUEST		GET /100	1690431075208	1690431075860	OK	 
USER	delete	START	1690431075874
REQUEST		POST //api/users	1690431075513	1690431075851	OK	 
REQUEST		myRpc-75	1690431075822	1690431075897	KO	mock/custom-rpc.feature:15 match response == { success: false }
USER	create1	START	1690431075874
USER	create	START	1690431075974
REQUEST		GET /100	1690431075543	1690431076010	OK	 
REQUEST		GET /api/users?page=2	1690431075803	1690431075975	OK	 
REQUEST		POST //api/users	1690431075481	1690431075925	OK	 
USER	create	START	1690431075969
REQUEST		GET /100	1690431075642	1690431076009	OK	 
REQUEST		GET /api/users?page=2	1690431075657	1690431075956	OK	 
USER	create1	START	1690431075976
REQUEST		POST //api/users	1690431075542	1690431076007	OK	 
REQUEST		POST //api/users	1690431075547	1690431076000	OK	 
REQUEST		GET /100	1690431075543	1690431076004	OK	 
USER	create	START	1690431076073
REQUEST		GET /api/users/7	1690431075676	1690431075973	OK	 
REQUEST		myRpc-100	1690431076009	1690431076109	OK	 
REQUEST		POST //api/users	1690431075532	1690431076011	OK	 
USER	custom	END	1690431076110
REQUEST		GET /api/users/7	1690431075752	1690431076004	OK	 
REQUEST		POST //api/users	1690431075524	1690431076018	OK	 
USER	create1	START	1690431076073
REQUEST		GET /100	1690431075777	1690431076142	OK	 
REQUEST		GET /api/users?page=2	1690431075856	1690431076109	OK	 
REQUEST		POST //api/users	1690431075666	1690431076079	OK	 
USER	create	START	1690431076173
REQUEST		GET /api/users/7	1690431075930	1690431076090	OK	 
REQUEST		POST //api/users	1690431075724	1690431076120	OK	 
USER	create1	START	1690431076173
REQUEST		GET /api/users/7	1690431075994	1690431076155	OK	 
REQUEST		GET /api/users/7	1690431075927	1690431076153	OK	 
REQUEST		myRpc-50	1690431076180	1690431076234	OK	 
REQUEST		GET /100	1690431075889	1690431076224	OK	 
USER	create	START	1690431076273
USER	create1	START	1690431076273
REQUEST		myRpc-75	1690431076281	1690431076362	KO	mock/custom-rpc.feature:15 match response == { success: false }
REQUEST		POST //api/users	1690431075923	1690431076285	OK	 
USER	create	START	1690431076373
USER	custom	START	1690431076373
USER	create1	START	1690431076374
REQUEST		POST //api/users	1690431075987	1690431076406	KO	mock/masterFeatures.feature:179 match jsonCreateUser.name == response.name
USER	create1	END	1690431076420
REQUEST		GET /api/users/7	1690431076171	1690431076341	OK	 
USER	create	START	1690431076477
REQUEST		POST //api/users	1690431076082	1690431076494	KO	mock/masterFeatures.feature:179 match jsonCreateUser.name == response.name
USER	create1	END	1690431076508
REQUEST		myRpc-100	1690431076408	1690431076512	OK	 
REQUEST		POST //api/users	1690431075998	1690431076490	KO	mock/masterFeatures.feature:179 match jsonCreateUser.name == response.name
USER	create1	START	1690431076474
USER	custom	END	1690431076518
USER	create1	END	1690431076536
REQUEST		POST //api/users	1690431076143	1690431076530	KO	mock/masterFeatures.feature:179 match jsonCreateUser.name == response.name
USER	create1	END	1690431076550
REQUEST		POST //api/users	1690431076132	1690431076509	KO	mock/masterFeatures.feature:179 match jsonCreateUser.name == response.name
REQUEST		POST //api/users	1690431076087	1690431076510	KO	mock/masterFeatures.feature:179 match jsonCreateUser.name == response.name
USER	create1	END	1690431076556
USER	create1	END	1690431076560
REQUEST		GET /api/users?page=2	1690431076118	1690431076481	OK	 
USER	create	START	1690431076574
REQUEST		GET /api/users?page=2	1690431076365	1690431076568	OK	 
REQUEST		POST //api/users	1690431076067	1690431076491	OK	 
USER	create1	START	1690431076574
REQUEST		GET /api/users/7	1690431076147	1690431076487	OK	 
REQUEST		myRpc-50	1690431076575	1690431076626	OK	 
REQUEST		GET /100	1690431076187	1690431076857	OK	 
REQUEST		POST //api/users	1690431076454	1690431076863	KO	mock/masterFeatures.feature:179 match jsonCreateUser.name == response.name
REQUEST		GET /100	1690431076304	1690431076667	OK	 
REQUEST		POST //api/users	1690431076432	1690431076856	KO	mock/masterFeatures.feature:179 match jsonCreateUser.name == response.name
REQUEST		GET /100	1690431076395	1690431076898	OK	 
REQUEST		GET /100	1690431076347	1690431076896	OK	 
USER	delete	START	1690431076882
REQUEST		GET /api/users?page=2	1690431076395	1690431076639	OK	 
REQUEST		POST //api/users	1690431076233	1690431076633	OK	 
REQUEST		GET /100	1690431076400	1690431076896	OK	 
USER	custom	START	1690431076888
USER	create	START	1690431076888
REQUEST		POST //api/users	1690431076125	1690431076623	OK	 
USER	create1	START	1690431076882
REQUEST		GET /api/users/7	1690431076399	1690431076624	OK	 
REQUEST		GET /api/users?page=2	1690431076420	1690431076950	OK	 
USER	create	START	1690431076882
REQUEST		POST //api/users	1690431076176	1690431076856	OK	 
REQUEST		GET /api/users?page=2	1690431076282	1690431076640	OK	 
USER	create1	START	1690431076882
REQUEST		POST //api/users	1690431076273	1690431076867	KO	mock/masterFeatures.feature:179 match jsonCreateUser.name == response.name
USER	create	START	1690431076983
USER	create1	START	1690431076883
USER	create1	END	1690431076969
USER	create1	END	1690431076992
USER	create1	END	1690431077034
REQUEST		myRpc-75	1690431076997	1690431077072	KO	mock/custom-rpc.feature:15 match response == { success: false }
REQUEST		POST //api/users	1690431076402	1690431077060	OK	 
USER	create1	START	1690431077004
REQUEST		POST //api/users	1690431076400	1690431077070	OK	 
REQUEST		GET /api/users/7	1690431076607	1690431077101	OK	 
USER	create	START	1690431077045
USER	create	START	1690431077099
REQUEST		POST //api/users	1690431076528	1690431077159	KO	mock/masterFeatures.feature:179 match jsonCreateUser.name == response.name
REQUEST		POST //api/users	1690431076561	1690431077163	KO	mock/masterFeatures.feature:179 match jsonCreateUser.name == response.name
USER	create1	END	1690431077169
REQUEST		GET /100	1690431076544	1690431077159	OK	 
REQUEST		POST //api/users	1690431076501	1690431077159	KO	mock/masterFeatures.feature:179 match jsonCreateUser.name == response.name
USER	create1	END	1690431077175
USER	create1	START	1690431077130
USER	create1	END	1690431077196
USER	create1	START	1690431077176
USER	create	START	1690431077201
REQUEST		myRpc-100	1690431077133	1690431077233	OK	 
USER	custom	END	1690431077234
REQUEST		GET /api/users/7	1690431076871	1690431077210	OK	 
REQUEST		GET /api/users?page=2	1690431076581	1690431077213	OK	 
REQUEST		GET /api/users?page=2	1690431076968	1690431077232	OK	 
REQUEST		GET /api/users?page=2	1690431076559	1690431077229	OK	 
USER	create1	START	1690431077273
REQUEST		POST //api/users	1690431076528	1690431077275	KO	mock/masterFeatures.feature:179 match jsonCreateUser.name == response.name
USER	create1	END	1690431077281
USER	create	START	1690431077297
REQUEST		GET /api/users/7	1690431077010	1690431077306	OK	 
REQUEST		myRpc-50	1690431077287	1690431077337	OK	 
REQUEST		POST //api/users	1690431076898	1690431077355	KO	mock/masterFeatures.feature:179 match jsonCreateUser.name == response.name
USER	create1	END	1690431077374
USER	custom	START	1690431077375
USER	create1	START	1690431077377
USER	create	START	1690431077397
REQUEST		GET /100	1690431076944	1690431077421	OK	 
REQUEST		POST //api/users	1690431076991	1690431077449	KO	mock/masterFeatures.feature:179 match jsonCreateUser.name == response.name
USER	create1	END	1690431077456
REQUEST		GET /api/users/7	1690431077107	1690431077429	OK	 
REQUEST		POST //api/users	1690431077016	1690431077444	OK	 
REQUEST		POST //api/users	1690431076999	1690431077450	OK	 
REQUEST		POST //api/users	1690431077002	1690431077437	OK	 
REQUEST		GET /api/users?page=2	1690431077140	1690431077491	OK	 
REQUEST		myRpc-50	1690431077456	1690431077509	OK	 
USER	create1	START	1690431077473
REQUEST		myRpc-75	1690431077439	1690431077517	KO	mock/custom-rpc.feature:15 match response == { success: false }
USER	create	START	1690431077513
REQUEST		GET /100	1690431077115	1690431077526	OK	 
REQUEST		GET /api/users/7	1690431077137	1690431077495	OK	 
REQUEST		POST //api/users	1690431077016	1690431077458	OK	 
REQUEST		GET /api/users?page=2	1690431077225	1690431077495	OK	 
REQUEST		POST //api/users	1690431077114	1690431077555	OK	 
REQUEST		myRpc-75	1690431077540	1690431077615	KO	mock/custom-rpc.feature:15 match response == { success: false }
USER	create1	START	1690431077577
REQUEST		myRpc-100	1690431077561	1690431077661	OK	 
USER	custom	END	1690431077662
REQUEST		GET /api/users?page=2	1690431077350	1690431077658	OK	 
USER	create	START	1690431077665
USER	create1	START	1690431077676
REQUEST		GET /100	1690431077187	1690431077679	OK	 
REQUEST		POST //api/users	1690431077148	1690431077661	KO	mock/masterFeatures.feature:179 match jsonCreateUser.name == response.name
USER	create1	END	1690431077696
REQUEST		GET /api/users?page=2	1690431077477	1690431077723	OK	 
REQUEST		POST /cats	1690431073675	1690431075553	OK	 
REQUEST		myRpc-100	1690431077643	1690431077743	OK	 
USER	custom	END	1690431077743
REQUEST		POST //api/users	1690431077241	1690431077658	OK	 
REQUEST		GET /cats/{id}	1690431075559	1690431077742	KO	mock/cats-create.feature:19 match response == { id: '#(id)', name: 'Billi' }
USER	create	END	1690431077753
USER	create	START	1690431077755
USER	create1	START	1690431077773
REQUEST		GET /api/users?page=2	1690431077359	1690431077773	OK	 
REQUEST		GET /api/users/7	1690431077370	1690431077727	OK	 
REQUEST		GET /api/users?page=2	1690431077371	1690431077826	OK	 
REQUEST		GET /api/users?page=2	1690431077540	1690431077834	OK	 
REQUEST		GET /api/users/7	1690431077437	1690431077825	OK	 
REQUEST		GET /100	1690431077352	1690431077842	OK	 
USER	create	START	1690431077856
REQUEST		GET /api/users/7	1690431077568	1690431077827	OK	 
REQUEST		GET /api/users?page=2	1690431077357	1690431077831	OK	 
REQUEST		GET /api/users?page=2	1690431077445	1690431077829	OK	 
REQUEST		GET /100	1690431077375	1690431077882	OK	 
REQUEST		POST //api/users	1690431077348	1690431077883	KO	mock/masterFeatures.feature:179 match jsonCreateUser.name == response.name
USER	create1	END	1690431077913
REQUEST		GET /api/users/7	1690431077607	1690431077837	OK	 
REQUEST		GET /api/users/7	1690431077360	1690431077905	OK	 
REQUEST		POST /cats	1690431073688	1690431076046	OK	 
REQUEST		GET /cats/{id}	1690431076060	1690431077933	KO	mock/cats-create.feature:19 match response == { id: '#(id)', name: 'Billi' }
USER	create	END	1690431077946
REQUEST		POST //api/users	1690431077491	1690431078031	KO	mock/masterFeatures.feature:179 match jsonCreateUser.name == response.name
REQUEST		POST //api/users	1690431077786	1690431078120	KO	mock/masterFeatures.feature:179 match jsonCreateUser.name == response.name
USER	create1	END	1690431078125
REQUEST		POST /cats	1690431073547	1690431075757	OK	 
USER	create1	END	1690431078127
REQUEST		GET /cats/{id}	1690431075763	1690431078129	KO	mock/cats-create.feature:19 match response == { id: '#(id)', name: 'Billi' }
USER	create	END	1690431078136
REQUEST		POST //api/users	1690431077488	1690431078031	KO	mock/masterFeatures.feature:179 match jsonCreateUser.name == response.name
USER	create1	END	1690431078145
REQUEST		GET /api/users?page=2	1690431077763	1690431078032	OK	 
REQUEST		POST //api/users	1690431077479	1690431078032	KO	mock/masterFeatures.feature:179 match jsonCreateUser.name == response.name
USER	create1	END	1690431078165
REQUEST		GET /100	1690431077520	1690431078157	OK	 
REQUEST		GET /api/users/7	1690431077808	1690431078146	OK	 
REQUEST		GET /100	1690431077596	1690431078131	OK	 
REQUEST		GET /api/users?page=2	1690431077439	1690431078119	OK	 
REQUEST		POST //api/users	1690431077381	1690431078113	KO	mock/masterFeatures.feature:179 match jsonCreateUser.name == response.name
REQUEST		POST //api/users	1690431077704	1690431078132	KO	mock/masterFeatures.feature:179 match jsonCreateUser.name == response.name
USER	create1	END	1690431078191
REQUEST		POST //api/users	1690431077754	1690431078152	KO	mock/masterFeatures.feature:179 match jsonCreateUser.name == response.name
USER	create1	END	1690431078192
USER	create1	END	1690431078194
REQUEST		GET /api/users/7	1690431077810	1690431078137	OK	 
REQUEST		GET /api/users/7	1690431077805	1690431078129	OK	 
REQUEST		POST //api/users	1690431077589	1690431078139	OK	 
REQUEST		GET /api/users?page=2	1690431077871	1690431078187	OK	 
REQUEST		POST //api/users	1690431077709	1690431078118	OK	 
REQUEST		POST //api/users	1690431077523	1690431078130	OK	 
REQUEST		GET /api/users/7	1690431077915	1690431078184	OK	 
REQUEST		GET /api/users/7	1690431078113	1690431078277	OK	 
REQUEST		GET /api/users/7	1690431077910	1690431078283	OK	 
REQUEST		GET /api/users?page=2	1690431077635	1690431078283	OK	 
REQUEST		POST /cats	1690431073921	1690431076498	OK	 
REQUEST		GET /cats/{id}	1690431076504	1690431078338	KO	mock/cats-create.feature:19 match response == { id: '#(id)', name: 'Billi' }
USER	create	END	1690431078341
REQUEST		GET /api/users/7	1690431078021	1690431078307	OK	 
REQUEST		POST //api/users	1690431077852	1690431078351	KO	mock/masterFeatures.feature:179 match jsonCreateUser.name == response.name
USER	create1	END	1690431078357
REQUEST		GET /100	1690431077858	1690431078382	OK	 
REQUEST		POST /cats	1690431073546	1690431075385	OK	 
REQUEST		GET /cats/{id}	1690431075395	1690431078415	KO	mock/cats-create.feature:19 match response == { id: '#(id)', name: 'Billi' }
USER	create	END	1690431078417
REQUEST		POST //api/users	1690431077913	1690431078437	OK	 
REQUEST		GET /api/users/7	1690431078190	1690431078359	OK	 
REQUEST		GET /100	1690431077950	1690431078462	OK	 
REQUEST		GET /100	1690431078116	1690431078469	OK	 
REQUEST		POST /cats	1690431074165	1690431077089	OK	 
REQUEST		GET /cats/{id}	1690431077119	1690431078493	KO	mock/cats-create.feature:19 match response == { id: '#(id)', name: 'Billi' }
REQUEST		GET /100	1690431077873	1690431078458	OK	 
USER	create	END	1690431078495
REQUEST		POST //api/users	1690431077944	1690431078465	KO	mock/masterFeatures.feature:179 match jsonCreateUser.name == response.name
USER	create1	END	1690431078499
REQUEST		GET /api/users/7	1690431078280	1690431078475	OK	 
REQUEST		POST /cats	1690431074472	1690431076438	OK	 
REQUEST		GET /cats/{id}	1690431076444	1690431078518	KO	mock/cats-create.feature:19 match response == { id: '#(id)', name: 'Billi' }
USER	create	END	1690431078521
REQUEST		POST /cats	1690431074441	1690431076578	OK	 
REQUEST		GET /cats/{id}	1690431076586	1690431078529	KO	mock/cats-create.feature:19 match response == { id: '#(id)', name: 'Billi' }
USER	create	END	1690431078532
REQUEST		GET /100	1690431078157	1690431078534	OK	 
REQUEST		POST /cats	1690431074282	1690431076553	OK	 
REQUEST		GET /cats/{id}	1690431076576	1690431078566	KO	mock/cats-create.feature:19 match response == { id: '#(id)', name: 'Billi' }
USER	create	END	1690431078569
REQUEST		GET /api/users/7	1690431078356	1690431078559	OK	 
REQUEST		POST //api/users	1690431078178	1690431078562	KO	mock/masterFeatures.feature:179 match jsonCreateUser.name == response.name
REQUEST		POST /cats	1690431073546	1690431075302	OK	 
REQUEST		POST //api/users	1690431078151	1690431078559	OK	 
REQUEST		GET /api/users/7	1690431078277	1690431078559	OK	 
REQUEST		POST //api/users	1690431078233	1690431078567	OK	 
REQUEST		GET /100	1690431078271	1690431078616	OK	 
USER	create1	END	1690431078636
REQUEST		GET /100	1690431078308	1690431078608	OK	 
REQUEST		GET /100	1690431078241	1690431078601	OK	 
REQUEST		GET /100	1690431078268	1690431078603	OK	 
REQUEST		GET /100	1690431078243	1690431078666	OK	 
REQUEST		GET /100	1690431078379	1690431078676	OK	 
REQUEST		POST //api/users	1690431078282	1690431078613	OK	 
REQUEST		GET /100	1690431078399	1690431078688	OK	 
REQUEST		GET /cats/{id}	1690431075392	1690431078592	KO	mock/cats-create.feature:17 status 200
USER	create	END	1690431078714
REQUEST		POST //api/users	1690431078390	1690431078718	KO	mock/masterFeatures.feature:179 match jsonCreateUser.name == response.name
USER	create1	END	1690431078724
REQUEST		POST //api/users	1690431078393	1690431078751	KO	mock/masterFeatures.feature:179 match jsonCreateUser.name == response.name
USER	create1	END	1690431078766
REQUEST		POST /cats	1690431073903	1690431077058	OK	 
REQUEST		GET /cats/{id}	1690431077100	1690431078776	KO	mock/cats-create.feature:19 match response == { id: '#(id)', name: 'Billi' }
USER	create	END	1690431078780
REQUEST		POST /cats	1690431073546	1690431075833	OK	 
REQUEST		GET /cats/{id}	1690431075875	1690431078803	KO	mock/cats-create.feature:19 match response == { id: '#(id)', name: 'Billi' }
USER	create	END	1690431078806
REQUEST		POST //api/users	1690431078436	1690431078763	OK	 
REQUEST		POST //api/users	1690431078460	1690431078842	KO	mock/masterFeatures.feature:179 match jsonCreateUser.name == response.name
USER	create1	END	1690431078862
REQUEST		POST //api/users	1690431078561	1690431078858	OK	 
REQUEST		POST /cats	1690431074957	1690431077386	OK	 
REQUEST		GET /cats/{id}	1690431077409	1690431078896	KO	mock/cats-create.feature:19 match response == { id: '#(id)', name: 'Billi' }
USER	create	END	1690431078899
REQUEST		GET /100	1690431078544	1690431078899	OK	 
REQUEST		POST //api/users	1690431078539	1690431078858	OK	 
REQUEST		GET /100	1690431078540	1690431078971	OK	 
REQUEST		POST //api/users	1690431078529	1690431078969	OK	 
REQUEST		POST /cats	1690431075085	1690431077532	OK	 
REQUEST		GET /cats/{id}	1690431077538	1690431078989	KO	mock/cats-create.feature:19 match response == { id: '#(id)', name: 'Billi' }
REQUEST		POST /cats	1690431074679	1690431077500	OK	 
USER	create	END	1690431078994
REQUEST		GET /cats/{id}	1690431077505	1690431078994	KO	mock/cats-create.feature:19 match response == { id: '#(id)', name: 'Billi' }
USER	create	END	1690431078996
REQUEST		POST /cats	1690431075748	1690431077816	OK	 
REQUEST		GET /cats/{id}	1690431077822	1690431079003	KO	mock/cats-create.feature:19 match response == { id: '#(id)', name: 'Billi' }
USER	create	END	1690431079007
REQUEST		POST /cats	1690431075454	1690431077726	OK	 
REQUEST		POST //api/users	1690431078528	1690431078969	OK	 
REQUEST		POST /cats	1690431073958	1690431077574	OK	 
REQUEST		GET /cats/{id}	1690431077733	1690431079011	KO	mock/cats-create.feature:19 match response == { id: '#(id)', name: 'Billi' }
REQUEST		GET /cats/{id}	1690431077579	1690431079019	KO	mock/cats-create.feature:19 match response == { id: '#(id)', name: 'Billi' }
USER	create	END	1690431079021
USER	create	END	1690431079021
REQUEST		GET /100	1690431078647	1690431079000	OK	 
REQUEST		GET /100	1690431078648	1690431079035	OK	 
REQUEST		POST /cats	1690431074809	1690431078184	OK	 
REQUEST		GET /cats/{id}	1690431078189	1690431079046	KO	mock/cats-create.feature:19 match response == { id: '#(id)', name: 'Billi' }
REQUEST		POST /cats	1690431075266	1690431077622	OK	 
USER	create	END	1690431079058
REQUEST		GET /cats/{id}	1690431077627	1690431079056	KO	mock/cats-create.feature:19 match response == { id: '#(id)', name: 'Billi' }
USER	create	END	1690431079059
REQUEST		POST //api/users	1690431078691	1690431079073	OK	 
REQUEST		POST //api/users	1690431078751	1690431079071	OK	 
REQUEST		POST //api/users	1690431078750	1690431079091	OK	 
REQUEST		POST //api/users	1690431078652	1690431079090	KO	mock/masterFeatures.feature:179 match jsonCreateUser.name == response.name
REQUEST		POST //api/users	1690431078722	1690431079086	OK	 
USER	create1	END	1690431079098
REQUEST		POST /cats	1690431073544	1690431076346	OK	 
REQUEST		POST /cats	1690431075249	1690431077751	OK	 
REQUEST		POST //api/users	1690431078733	1690431079086	OK	 
REQUEST		POST /cats	1690431076427	1690431078343	OK	 
REQUEST		GET /cats/{id}	1690431078358	1690431079131	KO	mock/cats-create.feature:19 match response == { id: '#(id)', name: 'Billi' }
REQUEST		POST //api/users	1690431078782	1690431079131	KO	mock/masterFeatures.feature:179 match jsonCreateUser.name == response.name
REQUEST		POST /cats	1690431077338	1690431078671	OK	 
USER	create1	END	1690431079136
REQUEST		GET /cats/{id}	1690431078680	1690431079136	KO	mock/cats-create.feature:19 match response == { id: '#(id)', name: 'Billi' }
USER	create	END	1690431079137
USER	create	END	1690431079138
REQUEST		GET /cats/{id}	1690431077760	1690431079107	KO	mock/cats-create.feature:19 match response == { id: '#(id)', name: 'Billi' }
USER	create	END	1690431079152
REQUEST		GET /cats/{id}	1690431076353	1690431079104	KO	mock/cats-create.feature:19 match response == { id: '#(id)', name: 'Billi' }
REQUEST		POST //api/users	1690431078729	1690431079091	OK	 
USER	create	END	1690431079155
REQUEST		POST //api/users	1690431078785	1690431079158	KO	mock/masterFeatures.feature:179 match jsonCreateUser.name == response.name
USER	create1	END	1690431079163
REQUEST		POST /cats	1690431074933	1690431077760	OK	 
REQUEST		GET /cats/{id}	1690431077774	1690431079176	KO	mock/cats-create.feature:19 match response == { id: '#(id)', name: 'Billi' }
USER	create	END	1690431079179
REQUEST		POST /cats	1690431076335	1690431078262	OK	 
REQUEST		GET /cats/{id}	1690431078269	1690431079203	KO	mock/cats-create.feature:19 match response == { id: '#(id)', name: 'Billi' }
REQUEST		POST /cats	1690431077411	1690431078808	OK	 
USER	create	END	1690431079210
REQUEST		GET /cats/{id}	1690431078817	1690431079209	KO	mock/cats-create.feature:19 match response == { id: '#(id)', name: 'Billi' }
USER	create	END	1690431079211
REQUEST		POST /cats	1690431075861	1690431078966	OK	 
REQUEST		GET /cats/{id}	1690431078973	1690431079213	KO	mock/cats-create.feature:19 match response == { id: '#(id)', name: 'Billi' }
USER	create	END	1690431079216
REQUEST		POST //api/users	1690431078735	1690431079120	OK	 
REQUEST		POST //api/users	1690431078941	1690431079226	KO	mock/masterFeatures.feature:179 match jsonCreateUser.name == response.name
USER	create1	END	1690431079232
REQUEST		POST /cats	1690431077189	1690431078633	OK	 
REQUEST		GET /cats/{id}	1690431078640	1690431079268	KO	mock/cats-create.feature:19 match response == { id: '#(id)', name: 'Billi' }
USER	create	END	1690431079271
REQUEST		POST /cats	1690431077120	1690431078737	OK	 
REQUEST		GET /cats/{id}	1690431078742	1690431079280	KO	mock/cats-create.feature:19 match response == { id: '#(id)', name: 'Billi' }
USER	create	END	1690431079285
REQUEST		POST //api/users	1690431078955	1690431079283	KO	mock/masterFeatures.feature:179 match jsonCreateUser.name == response.name
USER	create1	END	1690431079288
REQUEST		POST /cats	1690431074958	1690431077484	OK	 
REQUEST		POST /cats	1690431074473	1690431077205	OK	 
REQUEST		GET /cats/{id}	1690431077490	1690431079289	KO	mock/cats-create.feature:19 match response == { id: '#(id)', name: 'Billi' }
REQUEST		GET /cats/{id}	1690431077228	1690431079290	KO	mock/cats-create.feature:19 match response == { id: '#(id)', name: 'Billi' }
REQUEST		POST /cats	1690431076270	1690431078362	OK	 
USER	create	END	1690431079292
REQUEST		POST /cats	1690431076433	1690431078328	OK	 
REQUEST		GET /cats/{id}	1690431078367	1690431079292	KO	mock/cats-create.feature:19 match response == { id: '#(id)', name: 'Billi' }
USER	create	END	1690431079293
USER	create	END	1690431079294
REQUEST		GET /cats/{id}	1690431078333	1690431079294	KO	mock/cats-create.feature:19 match response == { id: '#(id)', name: 'Billi' }
USER	create	END	1690431079297
REQUEST		POST //api/users	1690431078956	1690431079296	OK	 
REQUEST		POST /cats	1690431077887	1690431079177	OK	 
REQUEST		GET /cats/{id}	1690431079181	1690431079319	KO	mock/cats-create.feature:19 match response == { id: '#(id)', name: 'Billi' }
USER	create	END	1690431079321
REQUEST		POST /cats	1690431076665	1690431079030	OK	 
REQUEST		POST /cats	1690431075475	1690431077673	OK	 
REQUEST		GET /cats/{id}	1690431077697	1690431079341	KO	mock/cats-create.feature:19 match response == { id: '#(id)', name: 'Billi' }
USER	create	END	1690431079343
REQUEST		GET /cats/{id}	1690431079042	1690431079335	KO	mock/cats-create.feature:19 match response == { id: '#(id)', name: 'Billi' }
USER	create	END	1690431079344
REQUEST		POST /cats	1690431077466	1690431078945	OK	 
REQUEST		GET /cats/{id}	1690431078950	1690431079362	KO	mock/cats-create.feature:19 match response == { id: '#(id)', name: 'Billi' }
USER	create	END	1690431079364
REQUEST		POST //api/users	1690431079036	1690431079369	OK	 
REQUEST		POST //api/users	1690431079084	1690431079399	KO	mock/masterFeatures.feature:179 match jsonCreateUser.name == response.name
USER	create1	END	1690431079422
REQUEST		POST /cats	1690431076386	1690431078888	OK	 
REQUEST		GET /cats/{id}	1690431078894	1690431079433	KO	mock/cats-create.feature:19 match response == { id: '#(id)', name: 'Billi' }
USER	create	END	1690431079436
REQUEST		POST //api/users	1690431079046	1690431079397	OK	 
REQUEST		POST /cats	1690431075613	1690431077613	OK	 
REQUEST		GET /cats/{id}	1690431077628	1690431079446	KO	mock/cats-create.feature:19 match response == { id: '#(id)', name: 'Billi' }
USER	create	END	1690431079450
REQUEST		POST /cats	1690431077467	1690431079377	OK	 
REQUEST		POST /cats	1690431075948	1690431077900	OK	 
REQUEST		POST //api/users	1690431079113	1690431079511	KO	mock/masterFeatures.feature:179 match jsonCreateUser.name == response.name
REQUEST		POST //api/users	1690431079176	1690431079508	KO	mock/masterFeatures.feature:179 match jsonCreateUser.name == response.name
USER	create1	END	1690431079539
USER	create1	END	1690431079540
REQUEST		GET /cats/{id}	1690431079423	1690431079504	KO	mock/cats-create.feature:19 match response == { id: '#(id)', name: 'Billi' }
USER	create	END	1690431079542
REQUEST		GET /cats/{id}	1690431077914	1690431079515	KO	mock/cats-create.feature:19 match response == { id: '#(id)', name: 'Billi' }
USER	create	END	1690431079544
REQUEST		POST //api/users	1690431079076	1690431079452	OK	 
REQUEST		POST /cats	1690431077323	1690431079207	OK	 
REQUEST		POST /cats	1690431077705	1690431079110	OK	 
REQUEST		GET /cats/{id}	1690431079213	1690431079568	KO	mock/cats-create.feature:19 match response == { id: '#(id)', name: 'Billi' }
REQUEST		GET /cats/{id}	1690431079120	1690431079570	KO	mock/cats-create.feature:19 match response == { id: '#(id)', name: 'Billi' }
USER	create	END	1690431079573
USER	create	END	1690431079574
REQUEST		POST /cats	1690431077894	1690431079547	OK	 
REQUEST		POST //api/users	1690431079282	1690431079604	KO	mock/masterFeatures.feature:179 match jsonCreateUser.name == response.name
REQUEST		GET /cats/{id}	1690431079552	1690431079606	KO	mock/cats-create.feature:19 match response == { id: '#(id)', name: 'Billi' }
USER	create1	END	1690431079607
USER	create	END	1690431079608
REQUEST		POST /cats	1690431076899	1690431078553	OK	 
REQUEST		POST /cats	1690431076191	1690431078391	OK	 
REQUEST		GET /cats/{id}	1690431078563	1690431079610	KO	mock/cats-create.feature:19 match response == { id: '#(id)', name: 'Billi' }
REQUEST		GET /cats/{id}	1690431078397	1690431079611	KO	mock/cats-create.feature:19 match response == { id: '#(id)', name: 'Billi' }
USER	create	END	1690431079612
USER	create	END	1690431079613
REQUEST		POST //api/users	1690431079274	1690431079616	KO	mock/masterFeatures.feature:179 match jsonCreateUser.name == response.name
USER	create1	END	1690431079621
REQUEST		POST //api/users	1690431079248	1690431079627	KO	mock/masterFeatures.feature:179 match jsonCreateUser.name == response.name
USER	create1	END	1690431079631
REQUEST		POST /cats	1690431077527	1690431078919	OK	 
REQUEST		GET /cats/{id}	1690431078924	1690431079637	KO	mock/cats-create.feature:19 match response == { id: '#(id)', name: 'Billi' }
USER	create	END	1690431079640
REQUEST		POST /cats	1690431077584	1690431078901	OK	 
REQUEST		GET /cats/{id}	1690431078905	1690431079653	KO	mock/cats-create.feature:19 match response == { id: '#(id)', name: 'Billi' }
USER	create	END	1690431079661
REQUEST	delete cats	DELETE /cats/{id}	1690431077420	1690431079629	OK	 
REQUEST	delete cats	cats-get-404	1690431079633	1690431079665	OK	 
REQUEST		POST /cats	1690431076598	1690431079236	OK	 
REQUEST		GET /cats/{id}	1690431079241	1690431079695	KO	mock/cats-create.feature:19 match response == { id: '#(id)', name: 'Billi' }
USER	create	END	1690431079698
REQUEST	delete cats	DELETE /cats/{id}	1690431077054	1690431079387	OK	 
REQUEST	delete cats	cats-get-404	1690431079391	1690431079710	OK	 
REQUEST		POST //api/users	1690431079346	1690431079715	KO	mock/masterFeatures.feature:179 match jsonCreateUser.name == response.name
REQUEST		POST //api/users	1690431079347	1690431079714	KO	mock/masterFeatures.feature:179 match jsonCreateUser.name == response.name
USER	create1	END	1690431079718
USER	create1	END	1690431079719
REQUEST		POST //api/users	1690431079429	1690431079736	KO	mock/masterFeatures.feature:179 match jsonCreateUser.name == response.name
USER	create1	END	1690431079742
REQUEST		POST //api/users	1690431079331	1690431079767	KO	mock/masterFeatures.feature:179 match jsonCreateUser.name == response.name
USER	create1	END	1690431079772
REQUEST		POST //api/users	1690431079343	1690431079767	KO	mock/masterFeatures.feature:179 match jsonCreateUser.name == response.name
REQUEST		POST //api/users	1690431079370	1690431079770	KO	mock/masterFeatures.feature:179 match jsonCreateUser.name == response.name
USER	create1	END	1690431079775
USER	create1	END	1690431079776
REQUEST		POST //api/users	1690431079558	1690431079900	KO	mock/masterFeatures.feature:179 match jsonCreateUser.name == response.name
USER	create1	END	1690431079905
REQUEST		POST //api/users	1690431079620	1690431079940	KO	mock/masterFeatures.feature:179 match jsonCreateUser.name == response.name
USER	create1	END	1690431079945
REQUEST		POST //api/users	1690431079671	1690431080003	KO	mock/masterFeatures.feature:179 match jsonCreateUser.name == response.name
USER	create1	END	1690431080019
REQUEST	delete cats	DELETE /cats/{id}	1690431078125	1690431080082	OK	 
REQUEST	delete cats	cats-get-404	1690431080086	1690431080096	OK	 
REQUEST	delete cats	DELETE /cats/{id}	1690431078785	1690431080281	OK	 
REQUEST	delete cats	cats-get-404	1690431080300	1690431080310	OK	 
REQUEST	delete cats	DELETE /cats/{id}	1690431079672	1690431080546	OK	 
REQUEST	delete cats	cats-get-404	1690431080549	1690431080558	OK	 
REQUEST	delete cats	DELETE /cats/{id}	1690431079720	1690431080594	OK	 
REQUEST	delete cats	cats-get-404	1690431080598	1690431080609	OK	 
REQUEST	delete cats	DELETE /cats/{id}	1690431080102	1690431080963	OK	 
REQUEST	delete cats	cats-get-404	1690431080966	1690431080974	OK	 
REQUEST	delete cats	DELETE /cats/{id}	1690431080316	1690431081177	OK	 
REQUEST	delete cats	cats-get-404	1690431081181	1690431081189	OK	 
REQUEST	delete cats	DELETE /cats/{id}	1690431080564	1690431081425	OK	 
REQUEST	delete cats	cats-get-404	1690431081428	1690431081436	OK	 
REQUEST	delete cats	DELETE /cats/{id}	1690431080615	1690431081472	OK	 
REQUEST	delete cats	cats-get-404	1690431081475	1690431081484	OK	 
REQUEST	delete cats	DELETE /cats/{id}	1690431080981	1690431081840	OK	 
REQUEST	delete cats	cats-get-404	1690431081846	1690431081864	OK	 
REQUEST	delete cats	DELETE /cats/{id}	1690431081195	1690431082054	OK	 
REQUEST	delete cats	cats-get-404	1690431082056	1690431082063	OK	 
REQUEST	delete cats	DELETE /cats/{id}	1690431081443	1690431082303	OK	 
REQUEST	delete cats	cats-get-404	1690431082309	1690431082325	OK	 
REQUEST	delete cats	DELETE /cats/{id}	1690431081490	1690431082348	OK	 
REQUEST	delete cats	cats-get-404	1690431082350	1690431082358	OK	 
REQUEST	delete cats	DELETE /cats/{id}	1690431081877	1690431082743	OK	 
REQUEST	delete cats	cats-get-404	1690431082745	1690431082752	OK	 
REQUEST	delete cats	DELETE /cats/{id}	1690431082067	1690431082923	OK	 
REQUEST	delete cats	cats-get-404	1690431082930	1690431082946	OK	 
REQUEST	delete cats	DELETE /cats/{id}	1690431082336	1690431083197	OK	 
REQUEST	delete cats	cats-get-404	1690431083203	1690431083222	OK	 
REQUEST	delete cats	DELETE /cats/{id}	1690431082364	1690431083224	OK	 
REQUEST	delete cats	cats-get-404	1690431083229	1690431083240	OK	 
REQUEST	delete cats	DELETE /cats/{id}	1690431082757	1690431083615	OK	 
REQUEST	delete cats	cats-get-404	1690431083621	1690431083640	OK	 
REQUEST	delete cats	DELETE /cats/{id}	1690431082957	1690431083816	OK	 
REQUEST	delete cats	cats-get-404	1690431083820	1690431083836	OK	 
REQUEST	delete cats	DELETE /cats/{id}	1690431083234	1690431084097	OK	 
REQUEST	delete cats	cats-get-404	1690431084102	1690431084119	OK	 
REQUEST	delete cats	DELETE /cats/{id}	1690431083248	1690431084107	OK	 
REQUEST	delete cats	cats-get-404	1690431084113	1690431084131	OK	 
REQUEST	delete cats	DELETE /cats/{id}	1690431083648	1690431084506	OK	 
REQUEST	delete cats	cats-get-404	1690431084511	1690431084522	OK	 
REQUEST	delete cats	DELETE /cats/{id}	1690431083849	1690431084715	OK	 
REQUEST	delete cats	cats-get-404	1690431084719	1690431084736	OK	 
REQUEST	delete cats	DELETE /cats/{id}	1690431084135	1690431085003	OK	 
REQUEST	delete cats	cats-get-404	1690431085012	1690431085028	OK	 
REQUEST	delete cats	DELETE /cats/{id}	1690431084146	1690431085013	OK	 
REQUEST	delete cats	cats-get-404	1690431085019	1690431085036	OK	 
REQUEST	delete cats	DELETE /cats/{id}	1690431084537	1690431085408	OK	 
REQUEST	delete cats	cats-get-404	1690431085413	1690431085426	OK	 
REQUEST	delete cats	DELETE /cats/{id}	1690431084748	1690431085614	OK	 
REQUEST	delete cats	cats-get-404	1690431085615	1690431085620	OK	 
REQUEST	delete cats	DELETE /cats/{id}	1690431085042	1690431085912	OK	 
REQUEST	delete cats	cats-get-404	1690431085917	1690431085937	OK	 
REQUEST	delete cats	DELETE /cats/{id}	1690431085053	1690431085925	OK	 
REQUEST	delete cats	cats-get-404	1690431085930	1690431085945	OK	 
REQUEST	delete cats	DELETE /cats/{id}	1690431085436	1690431086299	OK	 
REQUEST	delete cats	cats-get-404	1690431086303	1690431086316	OK	 
REQUEST	delete cats	DELETE /cats/{id}	1690431085625	1690431086480	OK	 
REQUEST	delete cats	cats-get-404	1690431086481	1690431086487	OK	 
REQUEST	delete cats	DELETE /cats/{id}	1690431085951	1690431086811	OK	 
REQUEST	delete cats	cats-get-404	1690431086812	1690431086822	OK	 
REQUEST	delete cats	DELETE /cats/{id}	1690431085947	1690431086806	OK	 
REQUEST	delete cats	cats-get-404	1690431086807	1690431086825	OK	 
REQUEST	delete cats	DELETE /cats/{id}	1690431086325	1690431087189	OK	 
REQUEST	delete cats	cats-get-404	1690431087194	1690431087210	OK	 
REQUEST	delete cats	DELETE /cats/{id}	1690431086491	1690431087346	OK	 
REQUEST	delete cats	cats-get-404	1690431087349	1690431087359	OK	 
REQUEST	delete cats	DELETE /cats/{id}	1690431086831	1690431087692	OK	 
REQUEST	delete cats	cats-get-404	1690431087697	1690431087714	OK	 
REQUEST	delete cats	DELETE /cats/{id}	1690431086830	1690431087694	OK	 
REQUEST	delete cats	cats-get-404	1690431087699	1690431087723	OK	 
REQUEST	delete cats	DELETE /cats/{id}	1690431087221	1690431088083	OK	 
REQUEST	delete cats	cats-get-404	1690431088085	1690431088094	OK	 
REQUEST	delete cats	DELETE /cats/{id}	1690431087367	1690431088227	OK	 
REQUEST	delete cats	cats-get-404	1690431088236	1690431088258	OK	 
REQUEST	delete cats	DELETE /cats/{id}	1690431087728	1690431088605	OK	 
REQUEST	delete cats	cats-get-404	1690431088610	1690431088628	OK	 
REQUEST	delete cats	GET /cats	1690431074231	1690431076890	OK	 
GROUP	delete cats	1690431073881	1690431088634	0	OK
USER	delete	END	1690431088634
REQUEST	delete cats	DELETE /cats/{id}	1690431087737	1690431088611	OK	 
REQUEST	delete cats	cats-get-404	1690431088616	1690431088638	OK	 
REQUEST	delete cats	DELETE /cats/{id}	1690431088103	1690431088965	OK	 
REQUEST	delete cats	cats-get-404	1690431088969	1690431088983	OK	 
REQUEST	delete cats	DELETE /cats/{id}	1690431088272	1690431089137	OK	 
REQUEST	delete cats	cats-get-404	1690431089142	1690431089156	OK	 
REQUEST	delete cats	DELETE /cats/{id}	1690431088646	1690431089511	OK	 
REQUEST	delete cats	cats-get-404	1690431089516	1690431089528	OK	 
REQUEST	delete cats	DELETE /cats/{id}	1690431088991	1690431089859	OK	 
REQUEST	delete cats	cats-get-404	1690431089863	1690431089875	OK	 
REQUEST	delete cats	DELETE /cats/{id}	1690431089166	1690431090032	OK	 
REQUEST	delete cats	cats-get-404	1690431090033	1690431090039	OK	 
REQUEST	delete cats	DELETE /cats/{id}	1690431089537	1690431090407	OK	 
REQUEST	delete cats	cats-get-404	1690431090410	1690431090423	OK	 
REQUEST	delete cats	DELETE /cats/{id}	1690431089886	1690431090751	OK	 
REQUEST	delete cats	cats-get-404	1690431090754	1690431090765	OK	 
REQUEST	delete cats	DELETE /cats/{id}	1690431090043	1690431090899	OK	 
REQUEST	delete cats	cats-get-404	1690431090903	1690431090917	OK	 
REQUEST	delete cats	DELETE /cats/{id}	1690431090431	1690431091293	OK	 
REQUEST	delete cats	cats-get-404	1690431091297	1690431091309	OK	 
REQUEST	delete cats	DELETE /cats/{id}	1690431090775	1690431091637	OK	 
REQUEST	delete cats	cats-get-404	1690431091641	1690431091650	OK	 
REQUEST	delete cats	DELETE /cats/{id}	1690431090929	1690431091791	OK	 
REQUEST	delete cats	cats-get-404	1690431091795	1690431091804	OK	 
REQUEST	delete cats	DELETE /cats/{id}	1690431091318	1690431092178	OK	 
REQUEST	delete cats	cats-get-404	1690431092182	1690431092193	OK	 
REQUEST	delete cats	GET /cats	1690431074960	1690431077398	OK	 
GROUP	delete cats	1690431074884	1690431092196	0	OK
USER	delete	END	1690431092196
REQUEST	delete cats	DELETE /cats/{id}	1690431091658	1690431092519	OK	 
REQUEST	delete cats	cats-get-404	1690431092523	1690431092534	OK	 
REQUEST	delete cats	DELETE /cats/{id}	1690431091813	1690431092676	OK	 
REQUEST	delete cats	cats-get-404	1690431092680	1690431092692	OK	 
REQUEST	delete cats	DELETE /cats/{id}	1690431092544	1690431093403	OK	 
REQUEST	delete cats	cats-get-404	1690431093407	1690431093411	OK	 
REQUEST	delete cats	DELETE /cats/{id}	1690431092698	1690431093554	OK	 
REQUEST	delete cats	cats-get-404	1690431093556	1690431093567	OK	 
REQUEST	delete cats	DELETE /cats/{id}	1690431093415	1690431094270	OK	 
REQUEST	delete cats	cats-get-404	1690431094274	1690431094280	OK	 
REQUEST	delete cats	DELETE /cats/{id}	1690431093576	1690431094438	OK	 
REQUEST	delete cats	cats-get-404	1690431094441	1690431094450	OK	 
REQUEST	delete cats	DELETE /cats/{id}	1690431094282	1690431095138	OK	 
REQUEST	delete cats	cats-get-404	1690431095141	1690431095144	OK	 
REQUEST	delete cats	DELETE /cats/{id}	1690431094458	1690431095317	OK	 
REQUEST	delete cats	cats-get-404	1690431095320	1690431095329	OK	 
REQUEST	delete cats	DELETE /cats/{id}	1690431095147	1690431096002	OK	 
REQUEST	delete cats	cats-get-404	1690431096005	1690431096016	OK	 
REQUEST	delete cats	DELETE /cats/{id}	1690431095336	1690431096195	OK	 
REQUEST	delete cats	cats-get-404	1690431096199	1690431096211	OK	 
REQUEST	delete cats	DELETE /cats/{id}	1690431096022	1690431096883	OK	 
REQUEST	delete cats	cats-get-404	1690431096886	1690431096891	OK	 
REQUEST	delete cats	DELETE /cats/{id}	1690431096218	1690431097077	OK	 
REQUEST	delete cats	cats-get-404	1690431097080	1690431097091	OK	 
REQUEST	delete cats	DELETE /cats/{id}	1690431096895	1690431097750	OK	 
REQUEST	delete cats	cats-get-404	1690431097751	1690431097754	OK	 
REQUEST	delete cats	DELETE /cats/{id}	1690431097098	1690431097956	OK	 
REQUEST	delete cats	cats-get-404	1690431097958	1690431097962	OK	 
REQUEST	delete cats	DELETE /cats/{id}	1690431097757	1690431098612	OK	 
REQUEST	delete cats	cats-get-404	1690431098615	1690431098623	OK	 
REQUEST	delete cats	DELETE /cats/{id}	1690431097965	1690431098820	OK	 
REQUEST	delete cats	cats-get-404	1690431098824	1690431098831	OK	 
REQUEST	delete cats	DELETE /cats/{id}	1690431098631	1690431099491	OK	 
REQUEST	delete cats	cats-get-404	1690431099494	1690431099497	OK	 
REQUEST	delete cats	DELETE /cats/{id}	1690431098837	1690431099697	OK	 
REQUEST	delete cats	cats-get-404	1690431099700	1690431099709	OK	 
REQUEST	delete cats	DELETE /cats/{id}	1690431099501	1690431100356	OK	 
REQUEST	delete cats	cats-get-404	1690431100359	1690431100368	OK	 
REQUEST	delete cats	DELETE /cats/{id}	1690431099718	1690431100579	OK	 
REQUEST	delete cats	cats-get-404	1690431100607	1690431100616	OK	 
REQUEST	delete cats	DELETE /cats/{id}	1690431100374	1690431101234	OK	 
REQUEST	delete cats	cats-get-404	1690431101237	1690431101241	OK	 
REQUEST	delete cats	DELETE /cats/{id}	1690431100621	1690431101477	OK	 
REQUEST	delete cats	cats-get-404	1690431101480	1690431101489	OK	 
REQUEST	delete cats	DELETE /cats/{id}	1690431101245	1690431102101	OK	 
REQUEST	delete cats	cats-get-404	1690431102105	1690431102116	OK	 
REQUEST	delete cats	DELETE /cats/{id}	1690431101496	1690431102355	OK	 
REQUEST	delete cats	cats-get-404	1690431102360	1690431102369	OK	 
REQUEST	delete cats	DELETE /cats/{id}	1690431102124	1690431102986	OK	 
REQUEST	delete cats	cats-get-404	1690431102991	1690431103005	OK	 
REQUEST	delete cats	GET /cats	1690431076257	1690431077946	OK	 
GROUP	delete cats	1690431075874	1690431103008	0	OK
USER	delete	END	1690431103009
REQUEST	delete cats	DELETE /cats/{id}	1690431102376	1690431103237	OK	 
REQUEST	delete cats	cats-get-404	1690431103241	1690431103250	OK	 
REQUEST	delete cats	DELETE /cats/{id}	1690431103259	1690431104121	OK	 
REQUEST	delete cats	cats-get-404	1690431104124	1690431104128	OK	 
REQUEST	delete cats	DELETE /cats/{id}	1690431104131	1690431104985	OK	 
REQUEST	delete cats	cats-get-404	1690431104988	1690431104998	OK	 
REQUEST	delete cats	DELETE /cats/{id}	1690431105004	1690431105864	OK	 
REQUEST	delete cats	cats-get-404	1690431105867	1690431105874	OK	 
REQUEST	delete cats	DELETE /cats/{id}	1690431105881	1690431106740	OK	 
REQUEST	delete cats	cats-get-404	1690431106743	1690431106754	OK	 
REQUEST	delete cats	DELETE /cats/{id}	1690431106763	1690431107624	OK	 
REQUEST	delete cats	cats-get-404	1690431107627	1690431107633	OK	 
REQUEST	delete cats	DELETE /cats/{id}	1690431107637	1690431108492	OK	 
REQUEST	delete cats	cats-get-404	1690431108495	1690431108503	OK	 
REQUEST	delete cats	DELETE /cats/{id}	1690431108510	1690431109366	OK	 
REQUEST	delete cats	cats-get-404	1690431109368	1690431109376	OK	 
REQUEST	delete cats	DELETE /cats/{id}	1690431109383	1690431110242	OK	 
REQUEST	delete cats	cats-get-404	1690431110246	1690431110253	OK	 
REQUEST	delete cats	DELETE /cats/{id}	1690431110260	1690431111117	OK	 
REQUEST	delete cats	cats-get-404	1690431111120	1690431111130	OK	 
REQUEST	delete cats	GET /cats	1690431077359	1690431078745	OK	 
GROUP	delete cats	1690431076882	1690431111131	0	OK
USER	delete	END	1690431111131
