ASSERTION	AAMAAQ1jcmVhdGVBbmRSZWFkAgADBQAAAAAAAAAAAA==
RUN	mock.CatsChainedSimulation	catschainedsimulation	1690425489716	 	3.7.4
USER	createAndRead	START	1690425489835
USER	createAndRead	START	1690425490322
REQUEST	createAndRead	POST /cats	1690425490109	1690425490457	OK	 
REQUEST	createAndRead	POST /cats	1690425490393	1690425490478	OK	 
REQUEST	createAndRead	GET /cats/{id}	1690425490536	1690425490587	OK	 
GROUP	createAndRead	1690425489837	1690425490594	0	OK
USER	createAndRead	END	1690425490598
REQUEST	createAndRead	GET /cats/{id}	1690425490589	1690425490640	OK	 
GROUP	createAndRead	1690425490322	1690425490645	0	OK
USER	createAndRead	END	1690425490645
USER	createAndRead	START	1690425490823
REQUEST	createAndRead	POST /cats	1690425490855	1690425490891	OK	 
REQUEST	createAndRead	GET /cats/{id}	1690425490936	1690425490970	OK	 
GROUP	createAndRead	1690425490823	1690425490975	0	OK
USER	createAndRead	END	1690425490975
USER	createAndRead	START	1690425491325
REQUEST	createAndRead	POST /cats	1690425491380	1690425491443	OK	 
REQUEST	createAndRead	GET /cats/{id}	1690425491475	1690425491508	OK	 
GROUP	createAndRead	1690425491325	1690425491512	0	OK
USER	createAndRead	END	1690425491512
USER	createAndRead	START	1690425491826
REQUEST	createAndRead	POST /cats	1690425491869	1690425491884	OK	 
REQUEST	createAndRead	GET /cats/{id}	1690425491913	1690425491930	OK	 
GROUP	createAndRead	1690425491826	1690425491934	0	OK
USER	createAndRead	END	1690425491936
USER	createAndRead	START	1690425492316
REQUEST	createAndRead	POST /cats	1690425492362	1690425492377	OK	 
REQUEST	createAndRead	GET /cats/{id}	1690425492395	1690425492404	OK	 
GROUP	createAndRead	1690425492316	1690425492409	0	OK
USER	createAndRead	END	1690425492410
USER	createAndRead	START	1690425492817
REQUEST	createAndRead	POST /cats	1690425492863	1690425492887	OK	 
REQUEST	createAndRead	GET /cats/{id}	1690425492927	1690425492938	OK	 
GROUP	createAndRead	1690425492817	1690425492941	0	OK
USER	createAndRead	END	1690425492941
USER	createAndRead	START	1690425493316
REQUEST	createAndRead	POST /cats	1690425493338	1690425493364	OK	 
REQUEST	createAndRead	GET /cats/{id}	1690425493423	1690425493441	OK	 
GROUP	createAndRead	1690425493316	1690425493448	0	OK
USER	createAndRead	END	1690425493448
USER	createAndRead	START	1690425493817
REQUEST	createAndRead	POST /cats	1690425493838	1690425493865	OK	 
REQUEST	createAndRead	GET /cats/{id}	1690425493926	1690425493942	OK	 
GROUP	createAndRead	1690425493817	1690425493948	0	OK
USER	createAndRead	END	1690425493948
USER	createAndRead	START	1690425494315
REQUEST	createAndRead	POST /cats	1690425494339	1690425494370	OK	 
REQUEST	createAndRead	GET /cats/{id}	1690425494424	1690425494439	OK	 
GROUP	createAndRead	1690425494315	1690425494443	0	OK
USER	createAndRead	END	1690425494443
