ASSERTION	AAMAAQ1jcmVhdGVBbmRSZWFkAgADBQAAAAAAAAAAAA==
RUN	mock.CatsChainedSimulation	catschainedsimulation	1695698463589	 	3.7.4
USER	createAndRead	START	1695698463743
USER	createAndRead	START	1695698464227
REQUEST	createAndRead	POST /cats	1695698464163	1695698464577	OK	 
REQUEST	createAndRead	POST /cats	1695698464285	1695698464585	OK	 
REQUEST	createAndRead	GET /cats/{id}	1695698464642	1695698464726	OK	 
USER	createAndRead	START	1695698464730
GROUP	createAndRead	1695698463746	1695698464736	0	OK
USER	createAndRead	END	1695698464739
REQUEST	createAndRead	GET /cats/{id}	1695698464733	1695698465019	OK	 
GROUP	createAndRead	1695698464228	1695698465026	0	OK
USER	createAndRead	END	1695698465028
REQUEST	createAndRead	POST /cats	1695698465002	1695698465059	OK	 
REQUEST	createAndRead	GET /cats/{id}	1695698465089	1695698465118	OK	 
GROUP	createAndRead	1695698464730	1695698465123	0	OK
USER	createAndRead	END	1695698465124
USER	createAndRead	START	1695698465232
REQUEST	createAndRead	POST /cats	1695698465261	1695698465294	OK	 
REQUEST	createAndRead	GET /cats/{id}	1695698465330	1695698465365	OK	 
GROUP	createAndRead	1695698465232	1695698465370	0	OK
USER	createAndRead	END	1695698465370
USER	createAndRead	START	1695698465732
REQUEST	createAndRead	POST /cats	1695698465759	1695698465780	OK	 
REQUEST	createAndRead	GET /cats/{id}	1695698465813	1695698465840	OK	 
GROUP	createAndRead	1695698465733	1695698465846	0	OK
USER	createAndRead	END	1695698465847
USER	createAndRead	START	1695698466217
REQUEST	createAndRead	POST /cats	1695698466267	1695698466282	OK	 
REQUEST	createAndRead	GET /cats/{id}	1695698466303	1695698466314	OK	 
GROUP	createAndRead	1695698466217	1695698466319	0	OK
USER	createAndRead	END	1695698466320
USER	createAndRead	START	1695698466718
REQUEST	createAndRead	POST /cats	1695698466765	1695698466776	OK	 
REQUEST	createAndRead	GET /cats/{id}	1695698466796	1695698466805	OK	 
GROUP	createAndRead	1695698466718	1695698466810	0	OK
USER	createAndRead	END	1695698466811
USER	createAndRead	START	1695698467218
REQUEST	createAndRead	POST /cats	1695698467244	1695698467264	OK	 
REQUEST	createAndRead	GET /cats/{id}	1695698467288	1695698467297	OK	 
GROUP	createAndRead	1695698467218	1695698467302	0	OK
USER	createAndRead	END	1695698467302
USER	createAndRead	START	1695698467727
REQUEST	createAndRead	POST /cats	1695698467768	1695698467779	OK	 
REQUEST	createAndRead	GET /cats/{id}	1695698467788	1695698467795	OK	 
GROUP	createAndRead	1695698467727	1695698467797	0	OK
USER	createAndRead	END	1695698467797
USER	createAndRead	START	1695698468217
REQUEST	createAndRead	POST /cats	1695698468243	1695698468271	OK	 
REQUEST	createAndRead	GET /cats/{id}	1695698468329	1695698468338	OK	 
GROUP	createAndRead	1695698468217	1695698468342	0	OK
USER	createAndRead	END	1695698468342
